###############################################################################
#
# IAR ANSI C/C++ Compiler V8.22.1.15669/W32 for ARM       28/Dec/2020  23:42:56
# Copyright 1999-2018 IAR Systems AB.
#
#    Cpu mode     =  thumb
#    Endian       =  little
#    Source file  =  F:\nano\Src\gpio.c
#    Command line =  
#        -f C:\Users\ADMINI~1\AppData\Local\Temp\EW7EE1.tmp (F:\nano\Src\gpio.c
#        -D USE_HAL_DRIVER -D STM32F103xE -D MKS_ROBIN -D MARLIN -D __arm__ -D
#        USE_MKS_WIFI --preprocess=s F:\nano\EWARM\mksRobinLite\List -lC
#        F:\nano\EWARM\mksRobinLite\List -lA F:\nano\EWARM\mksRobinLite\List
#        --diag_suppress Pa050 -o F:\nano\EWARM\mksRobinLite\Obj --no_unroll
#        --no_inline --no_tbaa --no_scheduling --debug --endian=little
#        --cpu=Cortex-M3 -e --char_is_signed --fpu=None --dlib_config
#        "C:\Program Files (x86)\IAR Systems\Embedded Workbench
#        8.0\arm\INC\c\DLib_Config_Full.h" -I F:\nano\EWARM/../Inc\ -I
#        F:\nano\EWARM/../Src\ -I
#        F:\nano\EWARM/../Drivers/STM32F1xx_HAL_Driver/Inc\ -I
#        F:\nano\EWARM/../Drivers/STM32F1xx_HAL_Driver/Inc/Legacy\ -I
#        F:\nano\EWARM/../Drivers/STM32F10x_StdPeriph_Driver/Inc\ -I
#        F:\nano\EWARM/../Drivers/CMSIS/Device/ST/STM32F1xx/Include\ -I
#        F:\nano\EWARM/../Drivers/CMSIS/Include\ -I
#        F:\nano\EWARM/../Drivers/BSP/STM32MKS-3dPrinter\ -I
#        F:\nano\EWARM/../Drivers/BSP/Components/Common\ -I
#        F:\nano\EWARM/../Drivers/BSP/Components/l6474\ -I
#        F:\nano\EWARM/../Drivers/BSP/Components/at24cxx\ -I
#        F:\nano\EWARM/../Drivers/BSP/Components/w25qxx\ -I
#        F:\nano\EWARM/../Drivers/BSP/MotorControl\ -I
#        F:\nano\EWARM/../Middlewares/Third_Party/FatFs/src\ -I
#        F:\nano\EWARM/../Middlewares/Third_Party/FatFs/src/drivers\ -I
#        F:\nano\EWARM/../Middlewares/Third_Party/Marlin\ -I
#        F:\nano\EWARM/../Middlewares/Third_Party/u8glib_arm_v1.17/src\ -I
#        F:\nano\EWARM/../Middlewares/arduino\ -I
#        F:\nano\EWARM/../Middlewares/arduino/avr\ -I
#        F:\nano\EWARM/../Inc/Logo\ -Om --use_c++_inline -I "C:\Program Files
#        (x86)\IAR Systems\Embedded Workbench 8.0\arm\CMSIS\Core\Include\" -I
#        "C:\Program Files (x86)\IAR Systems\Embedded Workbench
#        8.0\arm\CMSIS\DSP\Include\")
#    Locale       =  C
#    List file    =  F:\nano\EWARM\mksRobinLite\List\gpio.lst
#    Object file  =  F:\nano\EWARM\mksRobinLite\Obj\gpio.o
#
###############################################################################

F:\nano\Src\gpio.c
      1          /**
      2            ******************************************************************************
      3            * File Name          : gpio.c
      4            * Description        : This file provides code for the configuration
      5            *                      of all used GPIO pins.
      6            ******************************************************************************
      7            *
      8            * COPYRIGHT(c) 2017 STMicroelectronics
      9            *
     10            * Redistribution and use in source and binary forms, with or without modification,
     11            * are permitted provided that the following conditions are met:
     12            *   1. Redistributions of source code must retain the above copyright notice,
     13            *      this list of conditions and the following disclaimer.
     14            *   2. Redistributions in binary form must reproduce the above copyright notice,
     15            *      this list of conditions and the following disclaimer in the documentation
     16            *      and/or other materials provided with the distribution.
     17            *   3. Neither the name of STMicroelectronics nor the names of its contributors
     18            *      may be used to endorse or promote products derived from this software
     19            *      without specific prior written permission.
     20            *
     21            * THIS SOFTWARE IS PROVIDED BY THE COPYRIGHT HOLDERS AND CONTRIBUTORS "AS IS"
     22            * AND ANY EXPRESS OR IMPLIED WARRANTIES, INCLUDING, BUT NOT LIMITED TO, THE
     23            * IMPLIED WARRANTIES OF MERCHANTABILITY AND FITNESS FOR A PARTICULAR PURPOSE ARE
     24            * DISCLAIMED. IN NO EVENT SHALL THE COPYRIGHT HOLDER OR CONTRIBUTORS BE LIABLE
     25            * FOR ANY DIRECT, INDIRECT, INCIDENTAL, SPECIAL, EXEMPLARY, OR CONSEQUENTIAL
     26            * DAMAGES (INCLUDING, BUT NOT LIMITED TO, PROCUREMENT OF SUBSTITUTE GOODS OR
     27            * SERVICES; LOSS OF USE, DATA, OR PROFITS; OR BUSINESS INTERRUPTION) HOWEVER
     28            * CAUSED AND ON ANY THEORY OF LIABILITY, WHETHER IN CONTRACT, STRICT LIABILITY,
     29            * OR TORT (INCLUDING NEGLIGENCE OR OTHERWISE) ARISING IN ANY WAY OUT OF THE USE
     30            * OF THIS SOFTWARE, EVEN IF ADVISED OF THE POSSIBILITY OF SUCH DAMAGE.
     31            *
     32            ******************************************************************************
     33            */
     34          
     35          /* Includes ------------------------------------------------------------------*/
     36          #include "gpio.h"
     37          
     38          /* USER CODE BEGIN 0 */
     39          #include "mks_fastio.h"

  #define PRINT_LED_PIN         PDout(2)
          ^
"F:\nano\Drivers\BSP\STM32MKS-3dPrinter\mks_fastio.h",14  Warning[Pa181]: 
          incompatible redefinition of macro "PRINT_LED_PIN" (declared at line
          146 of "F:\nano\Inc\main.h")
     40          /* USER CODE END 0 */
     41          
     42          /*----------------------------------------------------------------------------*/
     43          /* Configure GPIO                                                             */
     44          /*----------------------------------------------------------------------------*/
     45          /* USER CODE BEGIN 1 */
     46          
     47          /* USER CODE END 1 */
     48          
     49          /** Configure pins as 
     50                  * Analog 
     51                  * Input 
     52                  * Output
     53                  * EVENT_OUT
     54                  * EXTI
     55          */

   \                                 In section .text, align 4, keep-with-next
     56          void MX_GPIO_Init(void)
     57          {
   \                     MX_GPIO_Init: (+1)
   \   00000000   0xE92D 0x41F8      PUSH     {R3-R8,LR}
   \   00000004   0xB085             SUB      SP,SP,#+20
     58          
     59            GPIO_InitTypeDef GPIO_InitStruct;
     60          
     61            /* GPIO Ports Clock Enable */
     62            __HAL_RCC_GPIOC_CLK_ENABLE();
   \   00000006   0x4872             LDR.N    R0,??MX_GPIO_Init_0  ;; 0x40021018
   \   00000008   0x6801             LDR      R1,[R0, #+0]
   \   0000000A   0xF041 0x0110      ORR      R1,R1,#0x10
   \   0000000E   0x6001             STR      R1,[R0, #+0]
   \   00000010   0x6801             LDR      R1,[R0, #+0]
   \   00000012   0xF001 0x0110      AND      R1,R1,#0x10
   \   00000016   0x9104             STR      R1,[SP, #+16]
   \   00000018   0x9904             LDR      R1,[SP, #+16]
     63            __HAL_RCC_GPIOD_CLK_ENABLE();
   \   0000001A   0x6801             LDR      R1,[R0, #+0]
   \   0000001C   0xF041 0x0120      ORR      R1,R1,#0x20
   \   00000020   0x6001             STR      R1,[R0, #+0]
   \   00000022   0x6801             LDR      R1,[R0, #+0]
   \   00000024   0xF001 0x0120      AND      R1,R1,#0x20
   \   00000028   0x9104             STR      R1,[SP, #+16]
   \   0000002A   0x9904             LDR      R1,[SP, #+16]
     64            __HAL_RCC_GPIOA_CLK_ENABLE();
   \   0000002C   0x6801             LDR      R1,[R0, #+0]
   \   0000002E   0xF041 0x0104      ORR      R1,R1,#0x4
   \   00000032   0x6001             STR      R1,[R0, #+0]
   \   00000034   0x6801             LDR      R1,[R0, #+0]
   \   00000036   0xF001 0x0104      AND      R1,R1,#0x4
   \   0000003A   0x9104             STR      R1,[SP, #+16]
   \   0000003C   0x9904             LDR      R1,[SP, #+16]
     65            __HAL_RCC_GPIOB_CLK_ENABLE();
   \   0000003E   0x6801             LDR      R1,[R0, #+0]
   \   00000040   0xF041 0x0108      ORR      R1,R1,#0x8
   \   00000044   0x6001             STR      R1,[R0, #+0]
   \   00000046   0x6800             LDR      R0,[R0, #+0]
   \   00000048   0xF000 0x0008      AND      R0,R0,#0x8
   \   0000004C   0x9004             STR      R0,[SP, #+16]
   \   0000004E   0x9804             LDR      R0,[SP, #+16]
     66          
     67            /*Configure GPIO pins : PCPin PCPin PCPin PCPin */
     68            GPIO_InitStruct.Pin = X_Pin|Y_Pin|SD_CD_Pin|Zmin_Pin;
   \   00000050   0xF243 0x4001      MOVW     R0,#+13313
   \   00000054   0x9000             STR      R0,[SP, #+0]
     69            GPIO_InitStruct.Mode = GPIO_MODE_INPUT;
   \   00000056   0x2000             MOVS     R0,#+0
   \   00000058   0x9001             STR      R0,[SP, #+4]
     70            GPIO_InitStruct.Pull = GPIO_PULLUP;
   \   0000005A   0x2001             MOVS     R0,#+1
   \   0000005C   0x9002             STR      R0,[SP, #+8]
     71            HAL_GPIO_Init(GPIOC, &GPIO_InitStruct);
   \   0000005E   0x4C5D             LDR.N    R4,??MX_GPIO_Init_0+0x4  ;; 0x40011000
   \   00000060   0x4669             MOV      R1,SP
   \   00000062   0x4620             MOV      R0,R4
   \   00000064   0x.... 0x....      BL       HAL_GPIO_Init
     72          
     73            /*Configure GPIO pins : PCPin PCPin PCPin PCPin 
     74                                     PCPin PCPin */
     75            GPIO_InitStruct.Pin = LCD_RS_Pin|LCD_CS_Pin|LCD_D6_Pin|Z_DIR_Pin 
     76                                    |BED_Pin|HEATER_Pin;
   \   00000068   0xF240 0x302E      MOVW     R0,#+814
   \   0000006C   0x9000             STR      R0,[SP, #+0]
     77            GPIO_InitStruct.Mode = GPIO_MODE_OUTPUT_PP;
   \   0000006E   0x2001             MOVS     R0,#+1
   \   00000070   0x9001             STR      R0,[SP, #+4]
     78            GPIO_InitStruct.Speed = GPIO_SPEED_FREQ_MEDIUM;
   \   00000072   0x9003             STR      R0,[SP, #+12]
     79            HAL_GPIO_Init(GPIOC, &GPIO_InitStruct);
   \   00000074   0x4669             MOV      R1,SP
   \   00000076   0x4620             MOV      R0,R4
   \   00000078   0x.... 0x....      BL       HAL_GPIO_Init
     80            
     81            
     82          
     83            /*Configure GPIO pins : PAPin PAPin PAPin PAPin 
     84                                     PAPin PAPin */
     85            GPIO_InitStruct.Pin = LCD_D7_Pin|LCD_D4_Pin|E_ENA_Pin|E_DIR_Pin 
     86                                    |REV_IO_Pin|SD_CS_Pin;
   \   0000007C   0xF249 0x083C      MOVW     R8,#+36924
   \   00000080   0xF8CD 0x8000      STR      R8,[SP, #+0]
     87            GPIO_InitStruct.Mode = GPIO_MODE_OUTPUT_PP;
   \   00000084   0x2001             MOVS     R0,#+1
   \   00000086   0x9001             STR      R0,[SP, #+4]
     88            GPIO_InitStruct.Speed = GPIO_SPEED_FREQ_MEDIUM;
   \   00000088   0x9003             STR      R0,[SP, #+12]
     89            HAL_GPIO_Init(GPIOA, &GPIO_InitStruct);
   \   0000008A   0x4D53             LDR.N    R5,??MX_GPIO_Init_0+0x8  ;; 0x40010800
   \   0000008C   0x4669             MOV      R1,SP
   \   0000008E   0x4628             MOV      R0,R5
   \   00000090   0x.... 0x....      BL       HAL_GPIO_Init
     90          
     91            /*Configure GPIO pins : PCPin PCPin */
     92            GPIO_InitStruct.Pin = E_STEP_Pin|X_STEP_Pin;
   \   00000094   0x2050             MOVS     R0,#+80
   \   00000096   0x9000             STR      R0,[SP, #+0]
     93            GPIO_InitStruct.Mode = GPIO_MODE_OUTPUT_PP;
   \   00000098   0x2001             MOVS     R0,#+1
   \   0000009A   0x9001             STR      R0,[SP, #+4]
     94            GPIO_InitStruct.Speed = GPIO_SPEED_FREQ_HIGH;
   \   0000009C   0x2003             MOVS     R0,#+3
   \   0000009E   0x9003             STR      R0,[SP, #+12]
     95            HAL_GPIO_Init(GPIOC, &GPIO_InitStruct);
   \   000000A0   0x4669             MOV      R1,SP
   \   000000A2   0x4620             MOV      R0,R4
   \   000000A4   0x.... 0x....      BL       HAL_GPIO_Init
     96          
     97            /*Configure GPIO pins : PBPin PBPin */
     98            GPIO_InitStruct.Pin = Z_STEP_Pin|Y_STEP_Pin;
   \   000000A8   0xF640 0x0002      MOVW     R0,#+2050
   \   000000AC   0x9000             STR      R0,[SP, #+0]
     99            GPIO_InitStruct.Mode = GPIO_MODE_OUTPUT_PP;
   \   000000AE   0x2001             MOVS     R0,#+1
   \   000000B0   0x9001             STR      R0,[SP, #+4]
    100            GPIO_InitStruct.Speed = GPIO_SPEED_FREQ_HIGH;
   \   000000B2   0x2003             MOVS     R0,#+3
   \   000000B4   0x9003             STR      R0,[SP, #+12]
    101            HAL_GPIO_Init(GPIOB, &GPIO_InitStruct);
   \   000000B6   0x4E49             LDR.N    R6,??MX_GPIO_Init_0+0xC  ;; 0x40010c00
   \   000000B8   0x4669             MOV      R1,SP
   \   000000BA   0x4630             MOV      R0,R6
   \   000000BC   0x.... 0x....      BL       HAL_GPIO_Init
    102          
    103            /*Configure GPIO pins : PBPin PBPin PBPin */
    104            GPIO_InitStruct.Pin = Y_DIR_Pin|XYZ_ENA_Pin|X_DIR_Pin;
   \   000000C0   0xF241 0x4004      MOVW     R0,#+5124
   \   000000C4   0x9000             STR      R0,[SP, #+0]
    105            GPIO_InitStruct.Mode = GPIO_MODE_OUTPUT_PP;
   \   000000C6   0x2001             MOVS     R0,#+1
   \   000000C8   0x9001             STR      R0,[SP, #+4]
    106            GPIO_InitStruct.Speed = GPIO_SPEED_FREQ_MEDIUM;
   \   000000CA   0x9003             STR      R0,[SP, #+12]
    107            HAL_GPIO_Init(GPIOB, &GPIO_InitStruct);
   \   000000CC   0x4669             MOV      R1,SP
   \   000000CE   0x4630             MOV      R0,R6
   \   000000D0   0x.... 0x....      BL       HAL_GPIO_Init
    108          
    109            /*Configure GPIO pin : PtPin */
    110            GPIO_InitStruct.Pin = BEEPER_Pin;
   \   000000D4   0x2004             MOVS     R0,#+4
   \   000000D6   0x9000             STR      R0,[SP, #+0]
    111            GPIO_InitStruct.Mode = GPIO_MODE_OUTPUT_PP;
   \   000000D8   0x2001             MOVS     R0,#+1
   \   000000DA   0x9001             STR      R0,[SP, #+4]
    112            GPIO_InitStruct.Speed = GPIO_SPEED_FREQ_MEDIUM;
   \   000000DC   0x9003             STR      R0,[SP, #+12]
    113            HAL_GPIO_Init(BEEPER_GPIO_Port, &GPIO_InitStruct);
   \   000000DE   0x4F40             LDR.N    R7,??MX_GPIO_Init_0+0x10  ;; 0x40011400
   \   000000E0   0x4669             MOV      R1,SP
   \   000000E2   0x4638             MOV      R0,R7
   \   000000E4   0x.... 0x....      BL       HAL_GPIO_Init
    114          
    115            /*Configure GPIO pins : PBPin PBPin PBPin PBPin 
    116                                     PBPin */
    117            GPIO_InitStruct.Pin = BTN_ENC_Pin|BTN_EN2_Pin|BTN_EN1_Pin|FILAMENT_Pin 
    118                                    |Zmax_Pin;
   \   000000E8   0xF44F 0x704E      MOV      R0,#+824
   \   000000EC   0x9000             STR      R0,[SP, #+0]
    119            GPIO_InitStruct.Mode = GPIO_MODE_INPUT;
   \   000000EE   0x2000             MOVS     R0,#+0
   \   000000F0   0x9001             STR      R0,[SP, #+4]
    120            GPIO_InitStruct.Pull = GPIO_PULLUP;
   \   000000F2   0x2001             MOVS     R0,#+1
   \   000000F4   0x9002             STR      R0,[SP, #+8]
    121            HAL_GPIO_Init(GPIOB, &GPIO_InitStruct);
   \   000000F6   0x4669             MOV      R1,SP
   \   000000F8   0x4630             MOV      R0,R6
   \   000000FA   0x.... 0x....      BL       HAL_GPIO_Init
    122          
    123            /*Configure GPIO pin Output Level */
    124            HAL_GPIO_WritePin(GPIOC, LCD_RS_Pin|LCD_D6_Pin|E_STEP_Pin 
    125                                    |Z_DIR_Pin|X_STEP_Pin, GPIO_PIN_SET);
   \   000000FE   0x2201             MOVS     R2,#+1
   \   00000100   0x217A             MOVS     R1,#+122
   \   00000102   0x4620             MOV      R0,R4
   \   00000104   0x.... 0x....      BL       HAL_GPIO_WritePin
    126          
    127            /*Configure GPIO pin Output Level */
    128            HAL_GPIO_WritePin(GPIOA, LCD_D7_Pin|LCD_D4_Pin|E_ENA_Pin|E_DIR_Pin 
    129                                    |REV_IO_Pin|SD_CS_Pin, GPIO_PIN_SET);
   \   00000108   0x2201             MOVS     R2,#+1
   \   0000010A   0x4641             MOV      R1,R8
   \   0000010C   0x4628             MOV      R0,R5
   \   0000010E   0x.... 0x....      BL       HAL_GPIO_WritePin
    130          
    131            /*Configure GPIO pin Output Level */
    132            HAL_GPIO_WritePin(GPIOB, Z_STEP_Pin|Y_DIR_Pin|XYZ_ENA_Pin|Y_STEP_Pin 
    133                                    |X_DIR_Pin, GPIO_PIN_SET);
   \   00000112   0x2201             MOVS     R2,#+1
   \   00000114   0xF641 0x4106      MOVW     R1,#+7174
   \   00000118   0x4630             MOV      R0,R6
   \   0000011A   0x.... 0x....      BL       HAL_GPIO_WritePin
    134          
    135            /*Configure GPIO pin Output Level */
    136            HAL_GPIO_WritePin(GPIOC, BED_Pin|HEATER_Pin, GPIO_PIN_RESET);
   \   0000011E   0x2200             MOVS     R2,#+0
   \   00000120   0xF44F 0x7140      MOV      R1,#+768
   \   00000124   0x4620             MOV      R0,R4
   \   00000126   0x.... 0x....      BL       HAL_GPIO_WritePin
    137          
    138            /*Configure GPIO pin Output Level */
    139            HAL_GPIO_WritePin(BEEPER_GPIO_Port, BEEPER_Pin, GPIO_PIN_RESET);
   \   0000012A   0x2200             MOVS     R2,#+0
   \   0000012C   0x2104             MOVS     R1,#+4
   \   0000012E   0x4638             MOV      R0,R7
   \   00000130   0x.... 0x....      BL       HAL_GPIO_WritePin
    140            
    141            
    142            //gpio configure for nano
    143            GPIO_InitStruct.Pin = PRINT_GPIO;
   \   00000134   0xF44F 0x6000      MOV      R0,#+2048
   \   00000138   0x9000             STR      R0,[SP, #+0]
    144            GPIO_InitStruct.Mode = GPIO_MODE_INPUT;
   \   0000013A   0x2000             MOVS     R0,#+0
   \   0000013C   0x9001             STR      R0,[SP, #+4]
    145            GPIO_InitStruct.Speed = GPIO_SPEED_FREQ_MEDIUM;
   \   0000013E   0x2001             MOVS     R0,#+1
   \   00000140   0x9003             STR      R0,[SP, #+12]
    146            HAL_GPIO_Init(GPIOA, &GPIO_InitStruct);
   \   00000142   0x4669             MOV      R1,SP
   \   00000144   0x4628             MOV      R0,R5
   \   00000146   0x.... 0x....      BL       HAL_GPIO_Init
    147            
    148            GPIO_InitStruct.Pin = FEED_GPIO|RETRACT_GPIO;
   \   0000014A   0x2028             MOVS     R0,#+40
   \   0000014C   0x9000             STR      R0,[SP, #+0]
    149            GPIO_InitStruct.Mode = GPIO_MODE_INPUT;
   \   0000014E   0x2000             MOVS     R0,#+0
   \   00000150   0x9001             STR      R0,[SP, #+4]
    150            GPIO_InitStruct.Speed = GPIO_SPEED_FREQ_MEDIUM;
   \   00000152   0x2001             MOVS     R0,#+1
   \   00000154   0x9003             STR      R0,[SP, #+12]
    151            HAL_GPIO_Init(GPIOB, &GPIO_InitStruct);
   \   00000156   0x4669             MOV      R1,SP
   \   00000158   0x4630             MOV      R0,R6
   \   0000015A   0x.... 0x....      BL       HAL_GPIO_Init
    152            
    153            GPIO_InitStruct.Pin = PRINT_HOME_GPIO;
   \   0000015E   0x2008             MOVS     R0,#+8
   \   00000160   0x9000             STR      R0,[SP, #+0]
    154            GPIO_InitStruct.Mode = GPIO_MODE_INPUT;
   \   00000162   0x2000             MOVS     R0,#+0
   \   00000164   0x9001             STR      R0,[SP, #+4]
    155            GPIO_InitStruct.Speed = GPIO_SPEED_FREQ_MEDIUM;
   \   00000166   0x2001             MOVS     R0,#+1
   \   00000168   0x9003             STR      R0,[SP, #+12]
    156            HAL_GPIO_Init(GPIOC, &GPIO_InitStruct);
   \   0000016A   0x4669             MOV      R1,SP
   \   0000016C   0x4620             MOV      R0,R4
   \   0000016E   0x.... 0x....      BL       HAL_GPIO_Init
    157            
    158            GPIO_InitStruct.Pin = FEED_GND_GPIO;
   \   00000172   0x2010             MOVS     R0,#+16
   \   00000174   0x9000             STR      R0,[SP, #+0]
    159            GPIO_InitStruct.Mode = GPIO_MODE_OUTPUT_PP;
   \   00000176   0x2001             MOVS     R0,#+1
   \   00000178   0x9001             STR      R0,[SP, #+4]
    160            GPIO_InitStruct.Speed = GPIO_SPEED_FREQ_MEDIUM;
   \   0000017A   0x9003             STR      R0,[SP, #+12]
    161            HAL_GPIO_Init(GPIOB, &GPIO_InitStruct);
   \   0000017C   0x4669             MOV      R1,SP
   \   0000017E   0x4630             MOV      R0,R6
   \   00000180   0x.... 0x....      BL       HAL_GPIO_Init
    162            
    163            GPIO_InitStruct.Pin = RETRACT_GND_GPIO|HOME_GND_GPIO;
   \   00000184   0x2006             MOVS     R0,#+6
   \   00000186   0x9000             STR      R0,[SP, #+0]
    164            GPIO_InitStruct.Mode = GPIO_MODE_OUTPUT_PP;
   \   00000188   0x2001             MOVS     R0,#+1
   \   0000018A   0x9001             STR      R0,[SP, #+4]
    165            GPIO_InitStruct.Speed = GPIO_SPEED_FREQ_MEDIUM;
   \   0000018C   0x9003             STR      R0,[SP, #+12]
    166            HAL_GPIO_Init(GPIOC, &GPIO_InitStruct);
   \   0000018E   0x4669             MOV      R1,SP
   \   00000190   0x4620             MOV      R0,R4
   \   00000192   0x.... 0x....      BL       HAL_GPIO_Init
    167            
    168            GPIO_InitStruct.Pin = PRINT_LED_PIN;
   \   00000196   0x4813             LDR.N    R0,??MX_GPIO_Init_0+0x14  ;; 0x42228188
   \   00000198   0x6800             LDR      R0,[R0, #+0]
   \   0000019A   0x9000             STR      R0,[SP, #+0]
    169            GPIO_InitStruct.Mode = GPIO_MODE_OUTPUT_PP;
   \   0000019C   0x2001             MOVS     R0,#+1
   \   0000019E   0x9001             STR      R0,[SP, #+4]
    170            GPIO_InitStruct.Speed = GPIO_SPEED_FREQ_MEDIUM;
   \   000001A0   0x9003             STR      R0,[SP, #+12]
    171            HAL_GPIO_Init(GPIOD, &GPIO_InitStruct);
   \   000001A2   0x4669             MOV      R1,SP
   \   000001A4   0x4638             MOV      R0,R7
   \   000001A6   0x.... 0x....      BL       HAL_GPIO_Init
    172            
    173            HAL_GPIO_WritePin(RETRACT_GND_Port, RETRACT_GND_GPIO, GPIO_PIN_RESET);
   \   000001AA   0x2200             MOVS     R2,#+0
   \   000001AC   0x2102             MOVS     R1,#+2
   \   000001AE   0x4620             MOV      R0,R4
   \   000001B0   0x.... 0x....      BL       HAL_GPIO_WritePin
    174            HAL_GPIO_WritePin(FEED_GND_Port, FEED_GND_GPIO, GPIO_PIN_RESET);
   \   000001B4   0x2200             MOVS     R2,#+0
   \   000001B6   0x2110             MOVS     R1,#+16
   \   000001B8   0x4630             MOV      R0,R6
   \   000001BA   0x.... 0x....      BL       HAL_GPIO_WritePin
    175            HAL_GPIO_WritePin(HOME_GND_Port, HOME_GND_GPIO, GPIO_PIN_RESET);
   \   000001BE   0x2200             MOVS     R2,#+0
   \   000001C0   0x2104             MOVS     R1,#+4
   \   000001C2   0x4620             MOV      R0,R4
   \   000001C4   0x.... 0x....      BL       HAL_GPIO_WritePin
    176          }
   \   000001C8   0xB006             ADD      SP,SP,#+24
   \   000001CA   0xE8BD 0x81F0      POP      {R4-R8,PC}       ;; return
   \   000001CE   0xBF00             Nop      
   \                     ??MX_GPIO_Init_0:
   \   000001D0   0x40021018         DC32     0x40021018
   \   000001D4   0x40011000         DC32     0x40011000
   \   000001D8   0x40010800         DC32     0x40010800
   \   000001DC   0x40010C00         DC32     0x40010c00
   \   000001E0   0x40011400         DC32     0x40011400
   \   000001E4   0x42228188         DC32     0x42228188
    177          
    178          /* USER CODE BEGIN 2 */
    179          
    180          /* USER CODE END 2 */
    181          
    182          /**
    183            * @}
    184            */
    185          
    186          /**
    187            * @}
    188            */
    189          
    190          /************************ (C) COPYRIGHT STMicroelectronics *****END OF FILE****/

   Maximum stack usage in bytes:

   .cstack Function
   ------- --------
      48   MX_GPIO_Init
        48   -> HAL_GPIO_Init
        48   -> HAL_GPIO_WritePin


   Section sizes:

   Bytes  Function/Label
   -----  --------------
     488  MX_GPIO_Init

 
 488 bytes in section .text
 
 488 bytes of CODE memory

Errors: none
Warnings: 1
