###############################################################################
#
# IAR ANSI C/C++ Compiler V8.30.1.114/W32 for ARM         07/Apr/2021  11:05:07
# Copyright 1999-2018 IAR Systems AB.
#
#    Cpu mode     =  thumb
#    Endian       =  little
#    Source file  =  
#        C:\Users\PLT\Desktop\mksRobinLite_nano\Middlewares\Third_Party\Marlin\printcounter.cpp
#    Command line =  
#        -f C:\Users\PLT\AppData\Local\Temp\EW8E16.tmp
#        (C:\Users\PLT\Desktop\mksRobinLite_nano\Middlewares\Third_Party\Marlin\printcounter.cpp
#        -D USE_HAL_DRIVER -D STM32F103xE -D MKS_ROBIN -D MARLIN -D __arm__ -D
#        USE_MKS_WIFI --preprocess=s
#        C:\Users\PLT\Desktop\mksRobinLite_nano\EWARM\mksRobinLite\List -lC
#        C:\Users\PLT\Desktop\mksRobinLite_nano\EWARM\mksRobinLite\List -lA
#        C:\Users\PLT\Desktop\mksRobinLite_nano\EWARM\mksRobinLite\List
#        --diag_suppress Pa050 -o
#        C:\Users\PLT\Desktop\mksRobinLite_nano\EWARM\mksRobinLite\Obj
#        --no_unroll --no_inline --no_tbaa --no_scheduling --debug
#        --endian=little --cpu=Cortex-M3 -e --char_is_signed --fpu=None
#        --dlib_config "D:\Program Files (x86)\IAR Systems\Embedded Workbench
#        8.1\arm\inc\c\DLib_Config_Full.h" -I
#        C:\Users\PLT\Desktop\mksRobinLite_nano\EWARM/../Inc\ -I
#        C:\Users\PLT\Desktop\mksRobinLite_nano\EWARM/../Src\ -I
#        C:\Users\PLT\Desktop\mksRobinLite_nano\EWARM/../Drivers/STM32F1xx_HAL_Driver/Inc\
#        -I
#        C:\Users\PLT\Desktop\mksRobinLite_nano\EWARM/../Drivers/STM32F1xx_HAL_Driver/Inc/Legacy\
#        -I
#        C:\Users\PLT\Desktop\mksRobinLite_nano\EWARM/../Drivers/STM32F10x_StdPeriph_Driver/Inc\
#        -I
#        C:\Users\PLT\Desktop\mksRobinLite_nano\EWARM/../Drivers/CMSIS/Device/ST/STM32F1xx/Include\
#        -I
#        C:\Users\PLT\Desktop\mksRobinLite_nano\EWARM/../Drivers/CMSIS/Include\
#        -I
#        C:\Users\PLT\Desktop\mksRobinLite_nano\EWARM/../Drivers/BSP/STM32MKS-3dPrinter\
#        -I
#        C:\Users\PLT\Desktop\mksRobinLite_nano\EWARM/../Drivers/BSP/Components/Common\
#        -I
#        C:\Users\PLT\Desktop\mksRobinLite_nano\EWARM/../Drivers/BSP/Components/l6474\
#        -I
#        C:\Users\PLT\Desktop\mksRobinLite_nano\EWARM/../Drivers/BSP/Components/at24cxx\
#        -I
#        C:\Users\PLT\Desktop\mksRobinLite_nano\EWARM/../Drivers/BSP/Components/w25qxx\
#        -I
#        C:\Users\PLT\Desktop\mksRobinLite_nano\EWARM/../Drivers/BSP/MotorControl\
#        -I
#        C:\Users\PLT\Desktop\mksRobinLite_nano\EWARM/../Middlewares/Third_Party/FatFs/src\
#        -I
#        C:\Users\PLT\Desktop\mksRobinLite_nano\EWARM/../Middlewares/Third_Party/FatFs/src/drivers\
#        -I
#        C:\Users\PLT\Desktop\mksRobinLite_nano\EWARM/../Middlewares/Third_Party/Marlin\
#        -I
#        C:\Users\PLT\Desktop\mksRobinLite_nano\EWARM/../Middlewares/Third_Party/u8glib_arm_v1.17/src\
#        -I
#        C:\Users\PLT\Desktop\mksRobinLite_nano\EWARM/../Middlewares/arduino\
#        -I
#        C:\Users\PLT\Desktop\mksRobinLite_nano\EWARM/../Middlewares/arduino/avr\
#        -I C:\Users\PLT\Desktop\mksRobinLite_nano\EWARM/../Inc/Logo\ -Om --c++
#        --no_exceptions --no_rtti -I "D:\Program Files (x86)\IAR
#        Systems\Embedded Workbench 8.1\arm\CMSIS\Core\Include\" -I "D:\Program
#        Files (x86)\IAR Systems\Embedded Workbench
#        8.1\arm\CMSIS\DSP\Include\")
#    Locale       =  C
#    List file    =  
#        C:\Users\PLT\Desktop\mksRobinLite_nano\EWARM\mksRobinLite\List\printcounter.lst
#    Object file  =  
#        C:\Users\PLT\Desktop\mksRobinLite_nano\EWARM\mksRobinLite\Obj\printcounter.o
#
###############################################################################

C:\Users\PLT\Desktop\mksRobinLite_nano\Middlewares\Third_Party\Marlin\printcounter.cpp
      1          /**
      2           * Marlin 3D Printer Firmware
      3           * Copyright (C) 2016 MarlinFirmware [https://github.com/MarlinFirmware/Marlin]
      4           *
      5           * Based on Sprinter and grbl.
      6           * Copyright (C) 2011 Camiel Gubbels / Erik van der Zalm
      7           *
      8           * This program is free software: you can redistribute it and/or modify
      9           * it under the terms of the GNU General Public License as published by
     10           * the Free Software Foundation, either version 3 of the License, or
     11           * (at your option) any later version.
     12           *
     13           * This program is distributed in the hope that it will be useful,
     14           * but WITHOUT ANY WARRANTY; without even the implied warranty of
     15           * MERCHANTABILITY or FITNESS FOR A PARTICULAR PURPOSE.  See the
     16           * GNU General Public License for more details.
     17           *
     18           * You should have received a copy of the GNU General Public License
     19           * along with this program.  If not, see <http://www.gnu.org/licenses/>.
     20           *
     21           */
     22          
     23          #include "Marlin.h"

    #define SDSS   18
            ^
"C:\Users\PLT\Desktop\mksRobinLite_nano\Middlewares\Third_Party\Marlin\pins_MKS_ROBIN_LITE.h",161  Warning[Pa181]: 
          incompatible redefinition of macro "SDSS" (declared at line 62)

  #define UNUSED(x) ((void)(x))
          ^
"C:\Users\PLT\Desktop\mksRobinLite_nano\Drivers\STM32F1xx_HAL_Driver\Inc\stm32f1xx_hal_def.h",87  Warning[Pa181]: 
          incompatible redefinition of macro "UNUSED" (declared at line 88 of
          "C:\Users\PLT\Desktop\mksRobinLite_nano\Middlewares\Third_Party\Marl
          in\macros.h")

   \                                 In section .text, align 2
   \   __interwork __softfp void MarlinSerial::write(uint8_t)
   \                     _ZN12MarlinSerial5writeEh: (+1)
   \        0x0   0xB502             PUSH     {R1,LR}
   \        0x2   0x2201             MOVS     R2,#+1
   \        0x4   0x4669             MOV      R1,SP
   \        0x6   0x.... 0x....      BL       BSP_UartIfQueueTxData
   \        0xA   0xBD01             POP      {R0,PC}          ;; return

   \                                 In section .text, align 2
   \   __interwork __softfp void MarlinSerial::write(char const *)
   \                     _ZN12MarlinSerial5writeEPKc: (+1)
   \        0x0   0xB538             PUSH     {R3-R5,LR}
   \        0x2   0x4604             MOV      R4,R0
   \        0x4   0x460D             MOV      R5,R1
   \        0x6   0x4628             MOV      R0,R5
   \        0x8   0x.... 0x....      BL       strlen
   \        0xC   0x4602             MOV      R2,R0
   \        0xE   0xB2D2             UXTB     R2,R2
   \       0x10   0x4629             MOV      R1,R5
   \       0x12   0x4620             MOV      R0,R4
   \       0x14   0xE8BD 0x4038      POP      {R3-R5,LR}
   \       0x18   0x.... 0x....      B.W      BSP_UartIfQueueTxData

   \                                 In section .text, align 4
   \   __interwork __softfp void MarlinSerial::print(char const *)
   \                     _ZN12MarlinSerial5printEPKc: (+1)
   \        0x0   0xB538             PUSH     {R3-R5,LR}
   \        0x2   0x4604             MOV      R4,R0
   \        0x4   0x460D             MOV      R5,R1
   \        0x6   0x4628             MOV      R0,R5
   \        0x8   0x.... 0x....      BL       strlen
   \        0xC   0x2800             CMP      R0,#+0
   \        0xE   0xD013             BEQ.N    ??print_1
   \       0x10   0x480A             LDR.N    R0,??print_0
   \       0x12   0x7800             LDRB     R0,[R0, #+0]
   \       0x14   0x2800             CMP      R0,#+0
   \       0x16   0xD105             BNE.N    ??print_2
   \       0x18   0x4629             MOV      R1,R5
   \       0x1A   0x4620             MOV      R0,R4
   \       0x1C   0xE8BD 0x4034      POP      {R2,R4,R5,LR}
   \       0x20   0x.... 0x....      B.W      _ZN12MarlinSerial5writeEPKc
   \                     ??print_2: (+1)
   \       0x24   0x4628             MOV      R0,R5
   \       0x26   0x.... 0x....      BL       strlen
   \       0x2A   0x4602             MOV      R2,R0
   \       0x2C   0x4629             MOV      R1,R5
   \       0x2E   0x2002             MOVS     R0,#+2
   \       0x30   0xE8BD 0x4038      POP      {R3-R5,LR}
   \       0x34   0x.... 0x....      B.W      package_to_wifi
   \                     ??print_1: (+1)
   \       0x38   0xBD31             POP      {R0,R4,R5,PC}    ;; return
   \       0x3A   0xBF00             Nop      
   \                     ??print_0:
   \       0x3C   0x....'....        DC32     from_wifi_flag

   \                                 In section .text, align 4
   \   __interwork __softfp void serialprintPGM(char const *)
   \                     _Z14serialprintPGMPKc: (+1)
   \        0x0   0x4601             MOV      R1,R0
   \        0x2   0x4805             LDR.N    R0,??serialprintPGM_0
   \        0x4   0x7800             LDRB     R0,[R0, #+0]
   \        0x6   0x2800             CMP      R0,#+0
   \        0x8   0xD102             BNE.N    ??serialprintPGM_1
   \        0xA   0x4804             LDR.N    R0,??serialprintPGM_0+0x4
   \        0xC   0x.... 0x....      B.W      _ZN12MarlinSerial5writeEPKc
   \                     ??serialprintPGM_1: (+1)
   \       0x10   0x4803             LDR.N    R0,??serialprintPGM_0+0x8
   \       0x12   0x.... 0x....      B.W      _ZN12MarlinSerial5printEPKc
   \       0x16   0xBF00             Nop      
   \                     ??serialprintPGM_0:
   \       0x18   0x....'....        DC32     from_wifi_flag
   \       0x1C   0x....'....        DC32     customizedSerial
   \       0x20   0x....'....        DC32     serial2

  #define PRINT_LED_PIN         PDout(2)
          ^
"C:\Users\PLT\Desktop\mksRobinLite_nano\Drivers\BSP\STM32MKS-3dPrinter\mks_fastio.h",14  Warning[Pa181]: 
          incompatible redefinition of macro "PRINT_LED_PIN" (declared at line
          146 of "C:\Users\PLT\Desktop\mksRobinLite_nano\Inc\main.h")
     24          #include "printcounter.h"
     25          #include "duration_t.h"

   \                                 In section .text, align 2
   \   __code __interwork __softfp duration_t::duration_t(uint32_t const &)
   \                     _ZN10duration_tC1ERKj: (+1)
   \        0x0   0x6809             LDR      R1,[R1, #+0]
   \        0x2   0x6001             STR      R1,[R0, #+0]
   \        0x4   0x4770             BX       LR               ;; return

   \                                 In section .text, align 2
   \   __interwork __softfp uint8_t duration_t::year() const
   \                     _ZNK10duration_t4yearEv: (+1)
   \        0x0   0xB580             PUSH     {R7,LR}
   \        0x2   0x.... 0x....      BL       _ZNK10duration_t3dayEv
   \        0x6   0xF240 0x116D      MOVW     R1,#+365
   \        0xA   0xFB90 0xF0F1      SDIV     R0,R0,R1
   \        0xE   0xB2C0             UXTB     R0,R0
   \       0x10   0xBD02             POP      {R1,PC}          ;; return

   \                                 In section .text, align 2
   \   __interwork __softfp uint16_t duration_t::day() const
   \                     _ZNK10duration_t3dayEv: (+1)
   \        0x0   0xB580             PUSH     {R7,LR}
   \        0x2   0x.... 0x....      BL       _ZNK10duration_t4hourEv
   \        0x6   0x2118             MOVS     R1,#+24
   \        0x8   0xFBB0 0xF0F1      UDIV     R0,R0,R1
   \        0xC   0xB280             UXTH     R0,R0
   \        0xE   0xBD02             POP      {R1,PC}          ;; return

   \                                 In section .text, align 2
   \   __interwork __softfp uint32_t duration_t::hour() const
   \                     _ZNK10duration_t4hourEv: (+1)
   \        0x0   0xB580             PUSH     {R7,LR}
   \        0x2   0x.... 0x....      BL       _ZNK10duration_t6minuteEv
   \        0x6   0x213C             MOVS     R1,#+60
   \        0x8   0xFBB0 0xF0F1      UDIV     R0,R0,R1
   \        0xC   0xBD02             POP      {R1,PC}          ;; return

   \                                 In section .text, align 2
   \   __interwork __softfp uint32_t duration_t::minute() const
   \                     _ZNK10duration_t6minuteEv: (+1)
   \        0x0   0xB580             PUSH     {R7,LR}
   \        0x2   0x.... 0x....      BL       _ZNK10duration_t6secondEv
   \        0x6   0x213C             MOVS     R1,#+60
   \        0x8   0xFBB0 0xF0F1      UDIV     R0,R0,R1
   \        0xC   0xBD02             POP      {R1,PC}          ;; return

   \                                 In section .text, align 2
   \   __interwork __softfp uint32_t duration_t::second() const
   \                     _ZNK10duration_t6secondEv: (+1)
   \        0x0   0x6800             LDR      R0,[R0, #+0]
   \        0x2   0x4770             BX       LR               ;; return

   \                                 In section .text, align 4
   \   __interwork __softfp void duration_t::toString(char *) const
   \                     _ZNK10duration_t8toStringEPc: (+1)
   \        0x0   0xE92D 0x47FF      PUSH     {R0-R10,LR}
   \        0x4   0x4682             MOV      R10,R0
   \        0x6   0x4688             MOV      R8,R1
   \        0x8   0x.... 0x....      BL       _ZNK10duration_t4yearEv
   \        0xC   0x4604             MOV      R4,R0
   \        0xE   0x4650             MOV      R0,R10
   \       0x10   0x.... 0x....      BL       _ZNK10duration_t3dayEv
   \       0x14   0xF240 0x116D      MOVW     R1,#+365
   \       0x18   0xFB90 0xF7F1      SDIV     R7,R0,R1
   \       0x1C   0xFB01 0x0717      MLS      R7,R1,R7,R0
   \       0x20   0x4650             MOV      R0,R10
   \       0x22   0x.... 0x....      BL       _ZNK10duration_t4hourEv
   \       0x26   0x4605             MOV      R5,R0
   \       0x28   0x2018             MOVS     R0,#+24
   \       0x2A   0xFBB5 0xF0F0      UDIV     R0,R5,R0
   \       0x2E   0xEB00 0x0140      ADD      R1,R0,R0, LSL #+1
   \       0x32   0xEBA5 0x05C1      SUB      R5,R5,R1, LSL #+3
   \       0x36   0x4650             MOV      R0,R10
   \       0x38   0x.... 0x....      BL       _ZNK10duration_t6minuteEv
   \       0x3C   0xF04F 0x093C      MOV      R9,#+60
   \       0x40   0x4649             MOV      R1,R9
   \       0x42   0xFBB0 0xF6F1      UDIV     R6,R0,R1
   \       0x46   0xFB09 0x0616      MLS      R6,R9,R6,R0
   \       0x4A   0x4650             MOV      R0,R10
   \       0x4C   0x.... 0x....      BL       _ZNK10duration_t6secondEv
   \       0x50   0x4649             MOV      R1,R9
   \       0x52   0xFBB0 0xF2F1      UDIV     R2,R0,R1
   \       0x56   0xFB09 0x0212      MLS      R2,R9,R2,R0
   \       0x5A   0x2C00             CMP      R4,#+0
   \       0x5C   0xD009             BEQ.N    ??toString_1
   \       0x5E   0x9202             STR      R2,[SP, #+8]
   \       0x60   0x9601             STR      R6,[SP, #+4]
   \       0x62   0x9500             STR      R5,[SP, #+0]
   \       0x64   0x463B             MOV      R3,R7
   \       0x66   0x4622             MOV      R2,R4
   \       0x68   0x4916             LDR.N    R1,??toString_0
   \       0x6A   0x4640             MOV      R0,R8
   \       0x6C   0x.... 0x....      BL       sprintf
   \       0x70   0xE026             B.N      ??toString_2
   \                     ??toString_1: (+1)
   \       0x72   0x2F00             CMP      R7,#+0
   \       0x74   0xD008             BEQ.N    ??toString_3
   \       0x76   0x9201             STR      R2,[SP, #+4]
   \       0x78   0x9600             STR      R6,[SP, #+0]
   \       0x7A   0x462B             MOV      R3,R5
   \       0x7C   0x463A             MOV      R2,R7
   \       0x7E   0x4912             LDR.N    R1,??toString_0+0x4
   \       0x80   0x4640             MOV      R0,R8
   \       0x82   0x.... 0x....      BL       sprintf
   \       0x86   0xE01B             B.N      ??toString_2
   \                     ??toString_3: (+1)
   \       0x88   0x2D00             CMP      R5,#+0
   \       0x8A   0xD007             BEQ.N    ??toString_4
   \       0x8C   0x9200             STR      R2,[SP, #+0]
   \       0x8E   0x4633             MOV      R3,R6
   \       0x90   0x462A             MOV      R2,R5
   \       0x92   0x490E             LDR.N    R1,??toString_0+0x8
   \       0x94   0x4640             MOV      R0,R8
   \       0x96   0x.... 0x....      BL       sprintf
   \       0x9A   0xE011             B.N      ??toString_2
   \                     ??toString_4: (+1)
   \       0x9C   0x2E00             CMP      R6,#+0
   \       0x9E   0xD008             BEQ.N    ??toString_5
   \       0xA0   0x4613             MOV      R3,R2
   \       0xA2   0x4632             MOV      R2,R6
   \       0xA4   0x490A             LDR.N    R1,??toString_0+0xC
   \       0xA6   0x4640             MOV      R0,R8
   \       0xA8   0xB004             ADD      SP,SP,#+16
   \       0xAA   0xE8BD 0x47F0      POP      {R4-R10,LR}
   \       0xAE   0x.... 0x....      B.W      sprintf
   \                     ??toString_5: (+1)
   \       0xB2   0x4908             LDR.N    R1,??toString_0+0x10
   \       0xB4   0x4640             MOV      R0,R8
   \       0xB6   0xB004             ADD      SP,SP,#+16
   \       0xB8   0xE8BD 0x47F0      POP      {R4-R10,LR}
   \       0xBC   0x.... 0x....      B.W      sprintf
   \                     ??toString_2: (+1)
   \       0xC0   0xE8BD 0x87FF      POP      {R0-R10,PC}      ;; return
   \                     ??toString_0:
   \       0xC4   0x....'....        DC32     _ZZNK10duration_t8toStringEPcEs
   \       0xC8   0x....'....        DC32     _ZZNK10duration_t8toStringEPcEs_0
   \       0xCC   0x....'....        DC32     _ZZNK10duration_t8toStringEPcEs_1
   \       0xD0   0x....'....        DC32     _ZZNK10duration_t8toStringEPcEs_2
   \       0xD4   0x....'....        DC32     _ZZNK10duration_t8toStringEPcEs_3
     26          

   \                                 In section .text, align 4, keep-with-next
   \   __code __interwork __softfp PrintCounter::subobject PrintCounter()
   \                     _ZN12PrintCounterC2Ev: (+1)
   \        0x0   0xBF00             Nop      
   \        0x2                      REQUIRE _ZN12PrintCounterC1Ev
   \        0x2                      ;; // Fall through to label PrintCounter::PrintCounter()

   \                                 In section .text, align 2, keep-with-next
     27          PrintCounter::PrintCounter(): super() {
   \                     _ZN12PrintCounterC1Ev: (+1)
   \        0x0   0xB510             PUSH     {R4,LR}
   \        0x2   0x4604             MOV      R4,R0
   \        0x4   0x.... 0x....      BL       _ZN9StopwatchC2Ev
   \        0x8   0x2032             MOVS     R0,#+50
   \        0xA   0x8520             STRH     R0,[R4, #+40]
   \        0xC   0x200A             MOVS     R0,#+10
   \        0xE   0x8560             STRH     R0,[R4, #+42]
   \       0x10   0xF44F 0x6061      MOV      R0,#+3600
   \       0x14   0x85A0             STRH     R0,[R4, #+44]
     28          	//this->loaded = false;   /*--mks--*/
     29          	this->loadStats();
   \       0x16   0x4620             MOV      R0,R4
   \       0x18   0x.... 0x....      BL       _ZN12PrintCounter9loadStatsEv
     30          }
   \       0x1C   0x4620             MOV      R0,R4
   \       0x1E   0xBD10             POP      {R4,PC}          ;; return
     31          

   \                                 In section .text, align 2, keep-with-next
     32          millis_t PrintCounter::deltaDuration() {
   \                     _ZN12PrintCounter13deltaDurationEv: (+1)
   \        0x0   0xB538             PUSH     {R3-R5,LR}
   \        0x2   0x4604             MOV      R4,R0
     33            #if ENABLED(DEBUG_PRINTCOUNTER)
     34              PrintCounter::debug(PSTR("deltaDuration"));
     35            #endif
     36          
     37            millis_t tmp = this->lastDuration;
   \        0x4   0x6B25             LDR      R5,[R4, #+48]
     38            this->lastDuration = this->duration();
   \        0x6   0x.... 0x....      BL       _ZN9Stopwatch8durationEv
   \        0xA   0x6320             STR      R0,[R4, #+48]
     39            return this->lastDuration - tmp;
   \        0xC   0x1B45             SUBS     R5,R0,R5
   \        0xE   0x4628             MOV      R0,R5
   \       0x10   0xBD32             POP      {R1,R4,R5,PC}    ;; return
     40          }
     41          

   \                                 In section .text, align 2, keep-with-next
     42          bool PrintCounter::isLoaded() {
     43            return this->loaded;
   \                     _ZN12PrintCounter8isLoadedEv: (+1)
   \        0x0   0xF890 0x0034      LDRB     R0,[R0, #+52]
   \        0x4   0x4770             BX       LR               ;; return
     44          }
     45          

   \                                 In section .text, align 2, keep-with-next
     46          void PrintCounter::incFilamentUsed(double const &amount) {
   \                     _ZN12PrintCounter15incFilamentUsedERKd: (+1)
   \        0x0   0xB538             PUSH     {R3-R5,LR}
   \        0x2   0x4604             MOV      R4,R0
   \        0x4   0x460D             MOV      R5,R1
     47            #if ENABLED(DEBUG_PRINTCOUNTER)
     48              PrintCounter::debug(PSTR("incFilamentUsed"));
     49            #endif
     50          
     51            // Refuses to update data if object is not loaded
     52            if (!this->isLoaded()) return;
   \        0x6   0x.... 0x....      BL       _ZN12PrintCounter8isLoadedEv
   \        0xA   0x2800             CMP      R0,#+0
   \        0xC   0xD007             BEQ.N    ??incFilamentUsed_0
     53          
     54            this->data.filamentUsed += amount; // mm
   \        0xE   0xE9D4 0x2308      LDRD     R2,R3,[R4, #+32]
   \       0x12   0xE9D5 0x0100      LDRD     R0,R1,[R5, #+0]
   \       0x16   0x.... 0x....      BL       __aeabi_dadd
   \       0x1A   0xE9C4 0x0108      STRD     R0,R1,[R4, #+32]
     55          }
   \                     ??incFilamentUsed_0: (+1)
   \       0x1E   0xBD31             POP      {R0,R4,R5,PC}    ;; return
     56          
     57          

   \                                 In section .text, align 2, keep-with-next
     58          void PrintCounter::initStats() {
   \                     _ZN12PrintCounter9initStatsEv: (+1)
   \        0x0   0xB51C             PUSH     {R2-R4,LR}
   \        0x2   0x4604             MOV      R4,R0
     59            #if ENABLED(DEBUG_PRINTCOUNTER)
     60              PrintCounter::debug(PSTR("initStats"));
     61            #endif
     62          
     63            this->loaded = true;
   \        0x4   0x2001             MOVS     R0,#+1
   \        0x6   0xF884 0x0034      STRB     R0,[R4, #+52]
     64            //  this->data = { 0, 0, 0, 0, 0.0 };	/*--mks--*/
     65          	this->data.totalPrints=0;
   \        0xA   0x2000             MOVS     R0,#+0
   \        0xC   0x8220             STRH     R0,[R4, #+16]
     66          	this->data.finishedPrints=0;
   \        0xE   0x8260             STRH     R0,[R4, #+18]
     67          	this->data.printTime=0;
   \       0x10   0x6160             STR      R0,[R4, #+20]
     68          	this->data.longestPrint=0;
   \       0x12   0x61A0             STR      R0,[R4, #+24]
     69          	this->data.filamentUsed=0.0;
   \       0x14   0x4601             MOV      R1,R0
   \       0x16   0xE9C4 0x0108      STRD     R0,R1,[R4, #+32]
     70          
     71            this->saveStats();
   \       0x1A   0x4620             MOV      R0,R4
   \       0x1C   0x.... 0x....      BL       _ZN12PrintCounter9saveStatsEv
     72            //eeprom_write_byte((uint8_t *) this->address, 0x16);	/*--mks--*/
     73            uint8_t eppr_w=0x16;
   \       0x20   0x2016             MOVS     R0,#+22
   \       0x22   0xF88D 0x0000      STRB     R0,[SP, #+0]
     74            AT24CXX_Write((uint16_t ) this->address,&eppr_w,1); 
   \       0x26   0x2201             MOVS     R2,#+1
   \       0x28   0x4669             MOV      R1,SP
   \       0x2A   0x8D20             LDRH     R0,[R4, #+40]
   \       0x2C   0x.... 0x....      BL       AT24CXX_Write
     75          }
   \       0x30   0xBD13             POP      {R0,R1,R4,PC}    ;; return
     76          

   \                                 In section .text, align 2, keep-with-next
     77          void PrintCounter::loadStats() {
   \                     _ZN12PrintCounter9loadStatsEv: (+1)
   \        0x0   0xB538             PUSH     {R3-R5,LR}
   \        0x2   0x4604             MOV      R4,R0
     78            #if ENABLED(DEBUG_PRINTCOUNTER)
     79              PrintCounter::debug(PSTR("loadStats"));
     80            #endif
     81          
     82            // Checks if the EEPROM block is initialized
     83            /*  if (eeprom_read_byte((uint8_t *) this->address) != 0x16) this->initStats();
     84          	else eeprom_read_block(&this->data,
     85          	  (void *)(this->address + sizeof(uint8_t)), sizeof(printStatistics));
     86            */ /*--mks--*/
     87                  uint8_t eppr_r;
     88                  AT24CXX_Read((uint16_t )this->address,&eppr_r,1);
   \        0x4   0xF104 0x0528      ADD      R5,R4,#+40
   \        0x8   0x2201             MOVS     R2,#+1
   \        0xA   0x4669             MOV      R1,SP
   \        0xC   0x8828             LDRH     R0,[R5, #+0]
   \        0xE   0x.... 0x....      BL       AT24CXX_Read
     89                  if(eppr_r != 0x16) this->initStats();
   \       0x12   0xF89D 0x0000      LDRB     R0,[SP, #+0]
   \       0x16   0x2816             CMP      R0,#+22
   \       0x18   0xD003             BEQ.N    ??loadStats_0
   \       0x1A   0x4620             MOV      R0,R4
   \       0x1C   0x.... 0x....      BL       _ZN12PrintCounter9initStatsEv
   \       0x20   0xE007             B.N      ??loadStats_1
     90          	else 
     91          	{
     92          	  int BufferSize=sizeof(printStatistics);	  //sizeof(printStatistics) = 24 ???
     93          	  uint16_t MemAddress =this->address + sizeof(uint8_t);
     94          	  uint16_t* pBuffer = &(this->data.totalPrints); //???：＜data?：♂11|━?|━：2：＜???：oy?Y
     95          	  AT24CXX_Read(MemAddress,(uint8_t*)pBuffer,BufferSize);
   \                     ??loadStats_0: (+1)
   \       0x22   0x2218             MOVS     R2,#+24
   \       0x24   0xF104 0x0110      ADD      R1,R4,#+16
   \       0x28   0x8828             LDRH     R0,[R5, #+0]
   \       0x2A   0x1C40             ADDS     R0,R0,#+1
   \       0x2C   0xB280             UXTH     R0,R0
   \       0x2E   0x.... 0x....      BL       AT24CXX_Read
     96          	}
     97          
     98          
     99            this->loaded = true;
   \                     ??loadStats_1: (+1)
   \       0x32   0x2001             MOVS     R0,#+1
   \       0x34   0x7328             STRB     R0,[R5, #+12]
    100          }
   \       0x36   0xBD31             POP      {R0,R4,R5,PC}    ;; return
    101          

   \                                 In section .text, align 2, keep-with-next
    102          void PrintCounter::saveStats() {
   \                     _ZN12PrintCounter9saveStatsEv: (+1)
   \        0x0   0xB510             PUSH     {R4,LR}
   \        0x2   0x4604             MOV      R4,R0
    103            #if ENABLED(DEBUG_PRINTCOUNTER)
    104              PrintCounter::debug(PSTR("saveStats"));
    105            #endif
    106          
    107            // Refuses to save data if object is not loaded
    108            if (!this->isLoaded()) return;
   \        0x4   0x.... 0x....      BL       _ZN12PrintCounter8isLoadedEv
   \        0x8   0x2800             CMP      R0,#+0
   \        0xA   0xD009             BEQ.N    ??saveStats_0
    109          
    110            // Saves the struct to EEPROM	
    111            /*--mks--*/
    112            /*  eeprom_update_block(&this->data,
    113          	  (void *)(this->address + sizeof(uint8_t)), sizeof(printStatistics));
    114            */
    115          		int BufferSize=sizeof(printStatistics); 	//sizeof(printStatistics) = 24 ???
    116          		uint16_t MemAddress =this->address + sizeof(uint8_t);
    117          		uint16_t* pBuffer = &(this->data.totalPrints); //???：＜data?：♂11|━?|━：2：＜???：oy?Y
    118          		AT24CXX_Write(MemAddress,(uint8_t*)pBuffer,BufferSize);
   \        0xC   0x2218             MOVS     R2,#+24
   \        0xE   0xF104 0x0110      ADD      R1,R4,#+16
   \       0x12   0x8D20             LDRH     R0,[R4, #+40]
   \       0x14   0x1C40             ADDS     R0,R0,#+1
   \       0x16   0xB280             UXTH     R0,R0
   \       0x18   0xE8BD 0x4010      POP      {R4,LR}
   \       0x1C   0x.... 0x....      B.W      AT24CXX_Write
   \                     ??saveStats_0: (+1)
   \       0x20   0xBD10             POP      {R4,PC}          ;; return
    119          }
    120          

   \                                 In section .text, align 4, keep-with-next
    121          void PrintCounter::showStats() {
   \                     _ZN12PrintCounter9showStatsEv: (+1)
   \        0x0   0xE92D 0x41F0      PUSH     {R4-R8,LR}
   \        0x4   0xB088             SUB      SP,SP,#+32
   \        0x6   0x4607             MOV      R7,R0
    122            char buffer[21];
    123            duration_t elapsed;
   \        0x8   0xA801             ADD      R0,SP,#+4
   \        0xA   0x.... 0x....      BL       _ZN10duration_tC1Ev
    124          
    125            SERIAL_PROTOCOLPGM(MSG_STATS);
   \        0xE   0x.... 0x....      ADR.W    R8,?_0
   \       0x12   0x4640             MOV      R0,R8
   \       0x14   0x.... 0x....      BL       _Z14serialprintPGMPKc
    126          
    127            SERIAL_ECHOPGM("Prints: ");
   \       0x18   0x....             ADR.N    R0,?_1
   \       0x1A   0x.... 0x....      BL       _Z14serialprintPGMPKc
    128            SERIAL_ECHO(this->data.totalPrints);
   \       0x1E   0x....             LDR.N    R4,??DataTable10_1
   \       0x20   0x....             LDR.N    R5,??DataTable10_2
   \       0x22   0x....             LDR.N    R6,??DataTable10_3
   \       0x24   0x7830             LDRB     R0,[R6, #+0]
   \       0x26   0x2800             CMP      R0,#+0
   \       0x28   0xD105             BNE.N    ??showStats_0
   \       0x2A   0x220A             MOVS     R2,#+10
   \       0x2C   0x8A39             LDRH     R1,[R7, #+16]
   \       0x2E   0x4628             MOV      R0,R5
   \       0x30   0x.... 0x....      BL       _ZN12MarlinSerial5printEii
   \       0x34   0xE004             B.N      ??showStats_1
   \                     ??showStats_0: (+1)
   \       0x36   0x220A             MOVS     R2,#+10
   \       0x38   0x8A39             LDRH     R1,[R7, #+16]
   \       0x3A   0x4620             MOV      R0,R4
   \       0x3C   0x.... 0x....      BL       _ZN12MarlinSerial5printEii
    129          
    130            SERIAL_ECHOPGM(", Finished: ");
   \                     ??showStats_1: (+1)
   \       0x40   0x....             ADR.N    R0,?_2
   \       0x42   0x.... 0x....      BL       _Z14serialprintPGMPKc
    131            SERIAL_ECHO(this->data.finishedPrints);
   \       0x46   0x7830             LDRB     R0,[R6, #+0]
   \       0x48   0x2800             CMP      R0,#+0
   \       0x4A   0xD105             BNE.N    ??showStats_2
   \       0x4C   0x220A             MOVS     R2,#+10
   \       0x4E   0x8A79             LDRH     R1,[R7, #+18]
   \       0x50   0x4628             MOV      R0,R5
   \       0x52   0x.... 0x....      BL       _ZN12MarlinSerial5printEii
   \       0x56   0xE004             B.N      ??showStats_3
   \                     ??showStats_2: (+1)
   \       0x58   0x220A             MOVS     R2,#+10
   \       0x5A   0x8A79             LDRH     R1,[R7, #+18]
   \       0x5C   0x4620             MOV      R0,R4
   \       0x5E   0x.... 0x....      BL       _ZN12MarlinSerial5printEii
    132          
    133            SERIAL_ECHOPGM(", Failed: "); // Note: Removes 1 from failures with an active counter
   \                     ??showStats_3: (+1)
   \       0x62   0xBF00             Nop      
   \       0x64   0x....             ADR.N    R0,?_3
   \       0x66   0x.... 0x....      BL       _Z14serialprintPGMPKc
    134            SERIAL_ECHO(this->data.totalPrints - this->data.finishedPrints
    135              - ((this->isRunning() || this->isPaused()) ? 1 : 0));
   \       0x6A   0x7830             LDRB     R0,[R6, #+0]
   \       0x6C   0x2800             CMP      R0,#+0
   \       0x6E   0x4638             MOV      R0,R7
   \       0x70   0xD115             BNE.N    ??showStats_4
   \       0x72   0x.... 0x....      BL       _ZN9Stopwatch9isRunningEv
   \       0x76   0x2800             CMP      R0,#+0
   \       0x78   0xD107             BNE.N    ??showStats_5
   \       0x7A   0x4638             MOV      R0,R7
   \       0x7C   0x.... 0x....      BL       _ZN9Stopwatch8isPausedEv
   \       0x80   0x1E41             SUBS     R1,R0,#+1
   \       0x82   0x4189             SBCS     R1,R1,R1
   \       0x84   0x43C9             MVNS     R1,R1
   \       0x86   0x0FC9             LSRS     R1,R1,#+31
   \       0x88   0xE000             B.N      ??showStats_6
   \                     ??showStats_5: (+1)
   \       0x8A   0x2101             MOVS     R1,#+1
   \                     ??showStats_6: (+1)
   \       0x8C   0x220A             MOVS     R2,#+10
   \       0x8E   0x8A3B             LDRH     R3,[R7, #+16]
   \       0x90   0x8A78             LDRH     R0,[R7, #+18]
   \       0x92   0x1A1B             SUBS     R3,R3,R0
   \       0x94   0x1A59             SUBS     R1,R3,R1
   \       0x96   0x4628             MOV      R0,R5
   \       0x98   0x.... 0x....      BL       _ZN12MarlinSerial5printEii
   \       0x9C   0xE014             B.N      ??showStats_7
   \                     ??showStats_4: (+1)
   \       0x9E   0x.... 0x....      BL       _ZN9Stopwatch9isRunningEv
   \       0xA2   0x2800             CMP      R0,#+0
   \       0xA4   0xD107             BNE.N    ??showStats_8
   \       0xA6   0x4638             MOV      R0,R7
   \       0xA8   0x.... 0x....      BL       _ZN9Stopwatch8isPausedEv
   \       0xAC   0x1E41             SUBS     R1,R0,#+1
   \       0xAE   0x4189             SBCS     R1,R1,R1
   \       0xB0   0x43C9             MVNS     R1,R1
   \       0xB2   0x0FC9             LSRS     R1,R1,#+31
   \       0xB4   0xE000             B.N      ??showStats_9
   \                     ??showStats_8: (+1)
   \       0xB6   0x2101             MOVS     R1,#+1
   \                     ??showStats_9: (+1)
   \       0xB8   0x220A             MOVS     R2,#+10
   \       0xBA   0x8A3B             LDRH     R3,[R7, #+16]
   \       0xBC   0x8A78             LDRH     R0,[R7, #+18]
   \       0xBE   0x1A1B             SUBS     R3,R3,R0
   \       0xC0   0x1A59             SUBS     R1,R3,R1
   \       0xC2   0x4620             MOV      R0,R4
   \       0xC4   0x.... 0x....      BL       _ZN12MarlinSerial5printEii
    136          
    137            SERIAL_EOL;
   \                     ??showStats_7: (+1)
   \       0xC8   0x7830             LDRB     R0,[R6, #+0]
   \       0xCA   0x2800             CMP      R0,#+0
   \       0xCC   0xD104             BNE.N    ??showStats_10
   \       0xCE   0x210A             MOVS     R1,#+10
   \       0xD0   0x4628             MOV      R0,R5
   \       0xD2   0x.... 0x....      BL       _ZN12MarlinSerial5writeEh
   \       0xD6   0xE004             B.N      ??showStats_11
   \                     ??showStats_10: (+1)
   \       0xD8   0x2200             MOVS     R2,#+0
   \       0xDA   0x210A             MOVS     R1,#+10
   \       0xDC   0x4620             MOV      R0,R4
   \       0xDE   0x.... 0x....      BL       _ZN12MarlinSerial5printEci
    138            SERIAL_PROTOCOLPGM(MSG_STATS);
   \                     ??showStats_11: (+1)
   \       0xE2   0x4640             MOV      R0,R8
   \       0xE4   0x.... 0x....      BL       _Z14serialprintPGMPKc
    139          
    140            elapsed = this->data.printTime;
   \       0xE8   0xF107 0x0114      ADD      R1,R7,#+20
   \       0xEC   0x4668             MOV      R0,SP
   \       0xEE   0x.... 0x....      BL       _ZN10duration_tC1ERKj
   \       0xF2   0x9800             LDR      R0,[SP, #+0]
   \       0xF4   0x9001             STR      R0,[SP, #+4]
    141            elapsed.toString(buffer);
   \       0xF6   0xA902             ADD      R1,SP,#+8
   \       0xF8   0xA801             ADD      R0,SP,#+4
   \       0xFA   0x.... 0x....      BL       _ZNK10duration_t8toStringEPc
    142          
    143            SERIAL_ECHOPGM("Total time: ");
   \       0xFE   0xBF00             Nop      
   \      0x100   0x....             ADR.N    R0,?_4
   \      0x102   0x.... 0x....      BL       _Z14serialprintPGMPKc
    144            SERIAL_ECHO(buffer);
   \      0x106   0x7830             LDRB     R0,[R6, #+0]
   \      0x108   0x2800             CMP      R0,#+0
   \      0x10A   0xA902             ADD      R1,SP,#+8
   \      0x10C   0xD103             BNE.N    ??showStats_12
   \      0x10E   0x4628             MOV      R0,R5
   \      0x110   0x.... 0x....      BL       _ZN12MarlinSerial5printEPKc
   \      0x114   0xE002             B.N      ??showStats_13
   \                     ??showStats_12: (+1)
   \      0x116   0x4620             MOV      R0,R4
   \      0x118   0x.... 0x....      BL       _ZN12MarlinSerial5printEPKc
    145          
    146            #if ENABLED(DEBUG_PRINTCOUNTER)
    147              SERIAL_ECHOPGM(" (");
    148              SERIAL_ECHO(this->data.printTime);
    149              SERIAL_CHAR(')');
    150            #endif
    151          
    152            elapsed = this->data.longestPrint;
   \                     ??showStats_13: (+1)
   \      0x11C   0xF107 0x0118      ADD      R1,R7,#+24
   \      0x120   0x4668             MOV      R0,SP
   \      0x122   0x.... 0x....      BL       _ZN10duration_tC1ERKj
   \      0x126   0x9800             LDR      R0,[SP, #+0]
   \      0x128   0x9001             STR      R0,[SP, #+4]
    153            elapsed.toString(buffer);
   \      0x12A   0xA902             ADD      R1,SP,#+8
   \      0x12C   0xA801             ADD      R0,SP,#+4
   \      0x12E   0x.... 0x....      BL       _ZNK10duration_t8toStringEPc
    154          
    155            SERIAL_ECHOPGM(", Longest job: ");
   \      0x132   0xBF00             Nop      
   \      0x134   0x....             ADR.N    R0,?_5
   \      0x136   0x.... 0x....      BL       _Z14serialprintPGMPKc
    156            SERIAL_ECHO(buffer);
   \      0x13A   0x7830             LDRB     R0,[R6, #+0]
   \      0x13C   0x2800             CMP      R0,#+0
   \      0x13E   0xA902             ADD      R1,SP,#+8
   \      0x140   0xD103             BNE.N    ??showStats_14
   \      0x142   0x4628             MOV      R0,R5
   \      0x144   0x.... 0x....      BL       _ZN12MarlinSerial5printEPKc
   \      0x148   0xE002             B.N      ??showStats_15
   \                     ??showStats_14: (+1)
   \      0x14A   0x4620             MOV      R0,R4
   \      0x14C   0x.... 0x....      BL       _ZN12MarlinSerial5printEPKc
    157          
    158            #if ENABLED(DEBUG_PRINTCOUNTER)
    159              SERIAL_ECHOPGM(" (");
    160              SERIAL_ECHO(this->data.longestPrint);
    161              SERIAL_CHAR(')');
    162            #endif
    163          
    164            SERIAL_EOL;
   \                     ??showStats_15: (+1)
   \      0x150   0x7830             LDRB     R0,[R6, #+0]
   \      0x152   0x2800             CMP      R0,#+0
   \      0x154   0xD104             BNE.N    ??showStats_16
   \      0x156   0x210A             MOVS     R1,#+10
   \      0x158   0x4628             MOV      R0,R5
   \      0x15A   0x.... 0x....      BL       _ZN12MarlinSerial5writeEh
   \      0x15E   0xE004             B.N      ??showStats_17
   \                     ??showStats_16: (+1)
   \      0x160   0x2200             MOVS     R2,#+0
   \      0x162   0x210A             MOVS     R1,#+10
   \      0x164   0x4620             MOV      R0,R4
   \      0x166   0x.... 0x....      BL       _ZN12MarlinSerial5printEci
    165            SERIAL_PROTOCOLPGM(MSG_STATS);
   \                     ??showStats_17: (+1)
   \      0x16A   0x4640             MOV      R0,R8
   \      0x16C   0x.... 0x....      BL       _Z14serialprintPGMPKc
    166          
    167            SERIAL_ECHOPGM("Filament used: ");
   \      0x170   0x....             ADR.N    R0,?_6
   \      0x172   0x.... 0x....      BL       _Z14serialprintPGMPKc
    168            SERIAL_ECHO(this->data.filamentUsed / 1000);
   \      0x176   0x7830             LDRB     R0,[R6, #+0]
   \      0x178   0x2800             CMP      R0,#+0
   \      0x17A   0xD10D             BNE.N    ??showStats_18
   \      0x17C   0x2002             MOVS     R0,#+2
   \      0x17E   0x9000             STR      R0,[SP, #+0]
   \      0x180   0xE9D7 0x0108      LDRD     R0,R1,[R7, #+32]
   \      0x184   0x2200             MOVS     R2,#+0
   \      0x186   0x....             LDR.N    R3,??DataTable10_4  ;; 0x408f4000
   \      0x188   0x.... 0x....      BL       __aeabi_ddiv
   \      0x18C   0x4602             MOV      R2,R0
   \      0x18E   0x460B             MOV      R3,R1
   \      0x190   0x4628             MOV      R0,R5
   \      0x192   0x.... 0x....      BL       _ZN12MarlinSerial5printEdi
   \      0x196   0xE00C             B.N      ??showStats_19
   \                     ??showStats_18: (+1)
   \      0x198   0x2002             MOVS     R0,#+2
   \      0x19A   0x9000             STR      R0,[SP, #+0]
   \      0x19C   0xE9D7 0x0108      LDRD     R0,R1,[R7, #+32]
   \      0x1A0   0x2200             MOVS     R2,#+0
   \      0x1A2   0x....             LDR.N    R3,??DataTable10_4  ;; 0x408f4000
   \      0x1A4   0x.... 0x....      BL       __aeabi_ddiv
   \      0x1A8   0x4602             MOV      R2,R0
   \      0x1AA   0x460B             MOV      R3,R1
   \      0x1AC   0x4620             MOV      R0,R4
   \      0x1AE   0x.... 0x....      BL       _ZN12MarlinSerial5printEdi
    169            SERIAL_ECHOPGM("m");
   \                     ??showStats_19: (+1)
   \      0x1B2   0x....             ADR.N    R0,??DataTable10  ;; "m"
   \      0x1B4   0x.... 0x....      BL       _Z14serialprintPGMPKc
    170          
    171            SERIAL_EOL;
   \      0x1B8   0x7830             LDRB     R0,[R6, #+0]
   \      0x1BA   0x2800             CMP      R0,#+0
   \      0x1BC   0xD104             BNE.N    ??showStats_20
   \      0x1BE   0x210A             MOVS     R1,#+10
   \      0x1C0   0x4628             MOV      R0,R5
   \      0x1C2   0x.... 0x....      BL       _ZN12MarlinSerial5writeEh
   \      0x1C6   0xE004             B.N      ??showStats_21
   \                     ??showStats_20: (+1)
   \      0x1C8   0x2200             MOVS     R2,#+0
   \      0x1CA   0x210A             MOVS     R1,#+10
   \      0x1CC   0x4620             MOV      R0,R4
   \      0x1CE   0x.... 0x....      BL       _ZN12MarlinSerial5printEci
    172          }
   \                     ??showStats_21: (+1)
   \      0x1D2   0xB008             ADD      SP,SP,#+32
   \      0x1D4   0xE8BD 0x81F0      POP      {R4-R8,PC}       ;; return
    173          

   \                                 In section .text, align 2, keep-with-next
    174          void PrintCounter::tick() {
   \                     _ZN12PrintCounter4tickEv: (+1)
   \        0x0   0xB570             PUSH     {R4-R6,LR}
   \        0x2   0x4604             MOV      R4,R0
    175            if (!this->isRunning()) return;
   \        0x4   0x.... 0x....      BL       _ZN9Stopwatch9isRunningEv
   \        0x8   0x2800             CMP      R0,#+0
   \        0xA   0xD03D             BEQ.N    ??tick_0
   \        0xC   0x....             LDR.N    R5,??DataTable10_5
   \        0xE   0x7828             LDRB     R0,[R5, #+0]
   \       0x10   0x2800             CMP      R0,#+0
   \       0x12   0xD104             BNE.N    ??tick_1
    176          
    177            static uint32_t update_last = millis(),
   \       0x14   0x2001             MOVS     R0,#+1
   \       0x16   0x7028             STRB     R0,[R5, #+0]
   \       0x18   0x.... 0x....      BL       HAL_GetTick
   \       0x1C   0x60A8             STR      R0,[R5, #+8]
   \                     ??tick_1: (+1)
   \       0x1E   0x7868             LDRB     R0,[R5, #+1]
   \       0x20   0x2800             CMP      R0,#+0
   \       0x22   0xD104             BNE.N    ??tick_2
    178                            eeprom_last = millis();
   \       0x24   0x2001             MOVS     R0,#+1
   \       0x26   0x7068             STRB     R0,[R5, #+1]
   \       0x28   0x.... 0x....      BL       HAL_GetTick
   \       0x2C   0x60E8             STR      R0,[R5, #+12]
    179          
    180            millis_t now = millis();
   \                     ??tick_2: (+1)
   \       0x2E   0x.... 0x....      BL       HAL_GetTick
   \       0x32   0x4606             MOV      R6,R0
   \       0x34   0x78A8             LDRB     R0,[R5, #+2]
   \       0x36   0x2800             CMP      R0,#+0
   \       0x38   0xD106             BNE.N    ??tick_3
    181          
    182            // Trying to get the amount of calculations down to the bare min
    183            const static uint16_t i = this->updateInterval * 1000;
   \       0x3A   0x2001             MOVS     R0,#+1
   \       0x3C   0x70A8             STRB     R0,[R5, #+2]
   \       0x3E   0x8D61             LDRH     R1,[R4, #+42]
   \       0x40   0xF44F 0x707A      MOV      R0,#+1000
   \       0x44   0x4341             MULS     R1,R0,R1
   \       0x46   0x80A9             STRH     R1,[R5, #+4]
    184          
    185            if (now - update_last >= i) {
   \                     ??tick_3: (+1)
   \       0x48   0x68A8             LDR      R0,[R5, #+8]
   \       0x4A   0x1A30             SUBS     R0,R6,R0
   \       0x4C   0x88A9             LDRH     R1,[R5, #+4]
   \       0x4E   0x4288             CMP      R0,R1
   \       0x50   0xD306             BCC.N    ??tick_4
    186              #if ENABLED(DEBUG_PRINTCOUNTER)
    187                PrintCounter::debug(PSTR("tick"));
    188              #endif
    189          
    190              this->data.printTime += this->deltaDuration();
   \       0x52   0x4620             MOV      R0,R4
   \       0x54   0x.... 0x....      BL       _ZN12PrintCounter13deltaDurationEv
   \       0x58   0x6961             LDR      R1,[R4, #+20]
   \       0x5A   0x1840             ADDS     R0,R0,R1
   \       0x5C   0x6160             STR      R0,[R4, #+20]
    191              update_last = now;
   \       0x5E   0x60AE             STR      R6,[R5, #+8]
   \                     ??tick_4: (+1)
   \       0x60   0x78E8             LDRB     R0,[R5, #+3]
   \       0x62   0x2800             CMP      R0,#+0
   \       0x64   0xD106             BNE.N    ??tick_5
    192            }
    193          
    194            // Trying to get the amount of calculations down to the bare min
    195            const static millis_t j = this->saveInterval * 1000;
   \       0x66   0x2001             MOVS     R0,#+1
   \       0x68   0x70E8             STRB     R0,[R5, #+3]
   \       0x6A   0x8DA1             LDRH     R1,[R4, #+44]
   \       0x6C   0xF44F 0x707A      MOV      R0,#+1000
   \       0x70   0x4341             MULS     R1,R0,R1
   \       0x72   0x6129             STR      R1,[R5, #+16]
    196            if (now - eeprom_last >= j) {
   \                     ??tick_5: (+1)
   \       0x74   0x68E8             LDR      R0,[R5, #+12]
   \       0x76   0x1A30             SUBS     R0,R6,R0
   \       0x78   0x6929             LDR      R1,[R5, #+16]
   \       0x7A   0x4288             CMP      R0,R1
   \       0x7C   0xD304             BCC.N    ??tick_0
    197              eeprom_last = now;
   \       0x7E   0x60EE             STR      R6,[R5, #+12]
    198              this->saveStats();
   \       0x80   0x4620             MOV      R0,R4
   \       0x82   0xE8BD 0x4070      POP      {R4-R6,LR}
   \       0x86   0x....             B.N      _ZN12PrintCounter9saveStatsEv
    199            }
    200          }
   \                     ??tick_0: (+1)
   \       0x88   0xBD70             POP      {R4-R6,PC}       ;; return

   \                                 In section .bss, align 4
   \   __absolute unsigned char static guard for update_last
   \                     `PrintCounter::tick()::static guard for update_last`:
   \        0x0                      DS8 1
   \        0x1                      DS8 1
   \        0x2                      DS8 1
   \        0x3                      DS8 1
   \        0x4                      DS8 2
   \        0x6                      DS8 2
   \        0x8                      DS8 4
   \        0xC                      DS8 4
   \       0x10                      DS8 4
    201          
    202          // @Override

   \                                 In section .text, align 2, keep-with-next
    203          bool PrintCounter::start() {
   \                     _ZN12PrintCounter5startEv: (+1)
   \        0x0   0xB538             PUSH     {R3-R5,LR}
   \        0x2   0x4604             MOV      R4,R0
    204            #if ENABLED(DEBUG_PRINTCOUNTER)
    205              PrintCounter::debug(PSTR("start"));
    206            #endif
    207          
    208            bool paused = this->isPaused();
   \        0x4   0x.... 0x....      BL       _ZN9Stopwatch8isPausedEv
   \        0x8   0x4605             MOV      R5,R0
    209          
    210            if (super::start()) {
   \        0xA   0x4620             MOV      R0,R4
   \        0xC   0x.... 0x....      BL       _ZN9Stopwatch5startEv
   \       0x10   0x2800             CMP      R0,#+0
   \       0x12   0xD008             BEQ.N    ??start_0
    211              if (!paused) {
   \       0x14   0x2D00             CMP      R5,#+0
   \       0x16   0xD104             BNE.N    ??start_1
    212                this->data.totalPrints++;
   \       0x18   0x8A20             LDRH     R0,[R4, #+16]
   \       0x1A   0x1C40             ADDS     R0,R0,#+1
   \       0x1C   0x8220             STRH     R0,[R4, #+16]
    213                this->lastDuration = 0;
   \       0x1E   0x2000             MOVS     R0,#+0
   \       0x20   0x6320             STR      R0,[R4, #+48]
    214              }
    215              return true;
   \                     ??start_1: (+1)
   \       0x22   0x2001             MOVS     R0,#+1
   \       0x24   0xBD32             POP      {R1,R4,R5,PC}
    216            }
    217          
    218            return false;
   \                     ??start_0: (+1)
   \       0x26   0x2000             MOVS     R0,#+0
   \       0x28   0xBD32             POP      {R1,R4,R5,PC}    ;; return
    219          }
    220          
    221          // @Override

   \                                 In section .text, align 2, keep-with-next
    222          bool PrintCounter::stop() {
   \                     _ZN12PrintCounter4stopEv: (+1)
   \        0x0   0xB510             PUSH     {R4,LR}
   \        0x2   0x4604             MOV      R4,R0
    223            #if ENABLED(DEBUG_PRINTCOUNTER)
    224              PrintCounter::debug(PSTR("stop"));
    225            #endif
    226          
    227            if (super::stop()) {
   \        0x4   0x.... 0x....      BL       _ZN9Stopwatch4stopEv
   \        0x8   0x2800             CMP      R0,#+0
   \        0xA   0xD017             BEQ.N    ??stop_0
    228              this->data.finishedPrints++;
   \        0xC   0x8A60             LDRH     R0,[R4, #+18]
   \        0xE   0x1C40             ADDS     R0,R0,#+1
   \       0x10   0x8260             STRH     R0,[R4, #+18]
    229              this->data.printTime += this->deltaDuration();
   \       0x12   0x4620             MOV      R0,R4
   \       0x14   0x.... 0x....      BL       _ZN12PrintCounter13deltaDurationEv
   \       0x18   0x6961             LDR      R1,[R4, #+20]
   \       0x1A   0x1840             ADDS     R0,R0,R1
   \       0x1C   0x6160             STR      R0,[R4, #+20]
    230          
    231              if (this->duration() > this->data.longestPrint)
   \       0x1E   0x4620             MOV      R0,R4
   \       0x20   0x.... 0x....      BL       _ZN9Stopwatch8durationEv
   \       0x24   0x69A1             LDR      R1,[R4, #+24]
   \       0x26   0x4281             CMP      R1,R0
   \       0x28   0xD203             BCS.N    ??stop_1
    232                this->data.longestPrint = this->duration();
   \       0x2A   0x4620             MOV      R0,R4
   \       0x2C   0x.... 0x....      BL       _ZN9Stopwatch8durationEv
   \       0x30   0x61A0             STR      R0,[R4, #+24]
    233          
    234              this->saveStats();
   \                     ??stop_1: (+1)
   \       0x32   0x4620             MOV      R0,R4
   \       0x34   0x.... 0x....      BL       _ZN12PrintCounter9saveStatsEv
    235              return true;
   \       0x38   0x2001             MOVS     R0,#+1
   \       0x3A   0xBD10             POP      {R4,PC}
    236            }
    237            else return false;
   \                     ??stop_0: (+1)
   \       0x3C   0x2000             MOVS     R0,#+0
   \       0x3E   0xBD10             POP      {R4,PC}          ;; return
    238          }
    239          
    240          // @Override

   \                                 In section .text, align 2, keep-with-next
    241          void PrintCounter::reset() {
   \                     _ZN12PrintCounter5resetEv: (+1)
   \        0x0   0xB510             PUSH     {R4,LR}
   \        0x2   0x4604             MOV      R4,R0
    242            #if ENABLED(DEBUG_PRINTCOUNTER)
    243              PrintCounter::debug(PSTR("stop"));
    244            #endif
    245          
    246            super::reset();
   \        0x4   0x.... 0x....      BL       _ZN9Stopwatch5resetEv
    247            this->lastDuration = 0;
   \        0x8   0x2000             MOVS     R0,#+0
   \        0xA   0x6320             STR      R0,[R4, #+48]
    248          }
   \        0xC   0xBD10             POP      {R4,PC}          ;; return

   \                                 In section .text, align 4, keep-with-next
   \                     ??DataTable10:
   \        0x0   0x6D 0x00          DC8      "m",0x0,0x0
   \              0x00 0x00    

   \                                 In section .text, align 4, keep-with-next
   \                     ??DataTable10_1:
   \        0x0   0x....'....        DC32     serial2

   \                                 In section .text, align 4, keep-with-next
   \                     ??DataTable10_2:
   \        0x0   0x....'....        DC32     customizedSerial

   \                                 In section .text, align 4, keep-with-next
   \                     ??DataTable10_3:
   \        0x0   0x....'....        DC32     from_wifi_flag

   \                                 In section .text, align 4, keep-with-next
   \                     ??DataTable10_4:
   \        0x0   0x408F'4000        DC32     0x408f4000

   \                                 In section .text, align 4, keep-with-next
   \                     ??DataTable10_5:
   \        0x0   0x....'....        DC32     `PrintCounter::tick()::static guard for update_last`

   \                                 In section .text, align 4, keep-with-next
   \                     ?_0:
   \        0x0   0x53 0x74          DC8 "Stats: "
   \              0x61 0x74    
   \              0x73 0x3A    
   \              0x20 0x00    

   \                                 In section .text, align 4, keep-with-next
   \                     ?_1:
   \        0x0   0x50 0x72          DC8 "Prints: "
   \              0x69 0x6E    
   \              0x74 0x73    
   \              0x3A 0x20    
   \              0x00         
   \        0x9   0x00 0x00          DC8 0, 0, 0
   \              0x00         

   \                                 In section .text, align 4, keep-with-next
   \                     ?_2:
   \        0x0   0x2C 0x20          DC8 ", Finished: "
   \              0x46 0x69    
   \              0x6E 0x69    
   \              0x73 0x68    
   \              0x65 0x64    
   \              0x3A 0x20    
   \              0x00         
   \        0xD   0x00 0x00          DC8 0, 0, 0
   \              0x00         

   \                                 In section .text, align 4, keep-with-next
   \                     ?_3:
   \        0x0   0x2C 0x20          DC8 ", Failed: "
   \              0x46 0x61    
   \              0x69 0x6C    
   \              0x65 0x64    
   \              0x3A 0x20    
   \              0x00         
   \        0xB   0x00               DC8 0

   \                                 In section .text, align 4, keep-with-next
   \                     ?_4:
   \        0x0   0x54 0x6F          DC8 "Total time: "
   \              0x74 0x61    
   \              0x6C 0x20    
   \              0x74 0x69    
   \              0x6D 0x65    
   \              0x3A 0x20    
   \              0x00         
   \        0xD   0x00 0x00          DC8 0, 0, 0
   \              0x00         

   \                                 In section .text, align 4, keep-with-next
   \                     ?_5:
   \        0x0   0x2C 0x20          DC8 ", Longest job: "
   \              0x4C 0x6F    
   \              0x6E 0x67    
   \              0x65 0x73    
   \              0x74 0x20    
   \              0x6A 0x6F    
   \              0x62 0x3A    
   \              0x20 0x00    

   \                                 In section .text, align 4, keep-with-next
   \                     ?_6:
   \        0x0   0x46 0x69          DC8 "Filament used: "
   \              0x6C 0x61    
   \              0x6D 0x65    
   \              0x6E 0x74    
   \              0x20 0x75    
   \              0x73 0x65    
   \              0x64 0x3A    
   \              0x20 0x00    

   \                                 In section .rodata, align 2, keep-with-next
   \                     ?_7:
   \        0x0   0x6D 0x00          DC8 "m"
    249          
    250          #if ENABLED(DEBUG_PRINTCOUNTER)
    251          
    252            void PrintCounter::debug(const char func[]) {
    253              if (DEBUGGING(INFO)) {
    254                SERIAL_ECHOPGM("PrintCounter::");
    255                serialprintPGM(func);
    256                SERIAL_ECHOLNPGM("()");
    257              }
    258            }
    259          
    260          #endif

   Maximum stack usage in bytes:

   .cstack Function
   ------- --------
      16   MarlinSerial::print(char const *)
         0   -> MarlinSerial::write(char const *)
         0   -> package_to_wifi
        16   -> strlen
      16   MarlinSerial::write(char const *)
         0   -> BSP_UartIfQueueTxData
        16   -> strlen
       8   MarlinSerial::write(uint8_t)
         8   -> BSP_UartIfQueueTxData
       8   PrintCounter::PrintCounter()
         8   -> PrintCounter::loadStats()
         8   -> Stopwatch::subobject Stopwatch()
      16   PrintCounter::deltaDuration()
        16   -> Stopwatch::duration()
      16   PrintCounter::incFilamentUsed(double const &)
        16   -> PrintCounter::isLoaded()
        16   -> __aeabi_dadd
      16   PrintCounter::initStats()
        16   -> AT24CXX_Write
        16   -> PrintCounter::saveStats()
       0   PrintCounter::isLoaded()
      16   PrintCounter::loadStats()
        16   -> AT24CXX_Read
        16   -> PrintCounter::initStats()
       8   PrintCounter::reset()
         8   -> Stopwatch::reset()
       8   PrintCounter::saveStats()
         0   -> AT24CXX_Write
         8   -> PrintCounter::isLoaded()
      56   PrintCounter::showStats()
        56   -> MarlinSerial::print(char const *)
        56   -> MarlinSerial::print(char, int)
        56   -> MarlinSerial::print(double, int)
        56   -> MarlinSerial::print(int, int)
        56   -> MarlinSerial::write(uint8_t)
        56   -> Stopwatch::isPaused()
        56   -> Stopwatch::isRunning()
        56   -> __aeabi_ddiv
        56   -> duration_t::duration_t()
        56   -> duration_t::duration_t(uint32_t const &)
        56   -> duration_t::toString(char *) const
        56   -> serialprintPGM(char const *)
      16   PrintCounter::start()
        16   -> Stopwatch::isPaused()
        16   -> Stopwatch::start()
       8   PrintCounter::stop()
         8   -> PrintCounter::deltaDuration()
         8   -> PrintCounter::saveStats()
         8   -> Stopwatch::duration()
         8   -> Stopwatch::stop()
       0   PrintCounter::subobject PrintCounter()
         0   -> PrintCounter::PrintCounter()
      16   PrintCounter::tick()
        16   -> HAL_GetTick
        16   -> PrintCounter::deltaDuration()
         0   -> PrintCounter::saveStats()
        16   -> Stopwatch::isRunning()
       8   duration_t::day() const
         8   -> duration_t::hour() const
       0   duration_t::duration_t(uint32_t const &)
       8   duration_t::hour() const
         8   -> duration_t::minute() const
       8   duration_t::minute() const
         8   -> duration_t::second() const
       0   duration_t::second() const
      48   duration_t::toString(char *) const
        48   -> duration_t::day() const
        48   -> duration_t::hour() const
        48   -> duration_t::minute() const
        48   -> duration_t::second() const
        48   -> duration_t::year() const
         0   -> sprintf
        48   -> sprintf
       8   duration_t::year() const
         8   -> duration_t::day() const
       0   serialprintPGM(char const *)
         0   -> MarlinSerial::print(char const *)
         0   -> MarlinSerial::write(char const *)


   Section sizes:

   Bytes  Function/Label
   -----  --------------
       4  ??DataTable10
       4  ??DataTable10_1
       4  ??DataTable10_2
       4  ??DataTable10_3
       4  ??DataTable10_4
       4  ??DataTable10_5
       8  ?_0
      12  ?_1
      16  ?_2
      12  ?_3
      16  ?_4
      16  ?_5
      16  ?_6
       2  ?_7
      64  MarlinSerial::print(char const *)
      28  MarlinSerial::write(char const *)
      12  MarlinSerial::write(uint8_t)
      32  PrintCounter::PrintCounter()
      18  PrintCounter::deltaDuration()
      32  PrintCounter::incFilamentUsed(double const &)
      50  PrintCounter::initStats()
       6  PrintCounter::isLoaded()
      56  PrintCounter::loadStats()
      14  PrintCounter::reset()
      34  PrintCounter::saveStats()
     472  PrintCounter::showStats()
      42  PrintCounter::start()
      64  PrintCounter::stop()
       2  PrintCounter::subobject PrintCounter()
     138  PrintCounter::tick()
      16  duration_t::day() const
       6  duration_t::duration_t(uint32_t const &)
      14  duration_t::hour() const
      14  duration_t::minute() const
       4  duration_t::second() const
     216  duration_t::toString(char *) const
      18  duration_t::year() const
      36  serialprintPGM(char const *)
      20  static guard for update_last
          static guard for eeprom_last
          static guard for i
          static guard for j
          i
          update_last
          eeprom_last
          j
      60  -- Other

 
    20 bytes in section .bss
    62 bytes in section .rodata
 1 508 bytes in section .text
 
 1 080 bytes of CODE  memory (+ 428 bytes shared)
     2 bytes of CONST memory (+  60 bytes shared)
    20 bytes of DATA  memory

Errors: none
Warnings: 3
