###############################################################################
#
# IAR ANSI C/C++ Compiler V8.22.1.15669/W32 for ARM       28/Dec/2020  21:37:13
# Copyright 1999-2018 IAR Systems AB.
#
#    Cpu mode     =  thumb
#    Endian       =  little
#    Source file  =  
#        F:\nano\Middlewares\Third_Party\u8glib_arm_v1.17\src\u8g_u8toa.c
#    Command line =  
#        -f C:\Users\ADMINI~1\AppData\Local\Temp\EW5B59.tmp
#        (F:\nano\Middlewares\Third_Party\u8glib_arm_v1.17\src\u8g_u8toa.c -D
#        USE_HAL_DRIVER -D STM32F103xE -D MKS_ROBIN -D MARLIN -D __arm__ -D
#        USE_MKS_WIFI --preprocess=s F:\nano\EWARM\mksRobinLite\List -lC
#        F:\nano\EWARM\mksRobinLite\List -lA F:\nano\EWARM\mksRobinLite\List
#        --diag_suppress Pa050 -o F:\nano\EWARM\mksRobinLite\Obj --no_unroll
#        --no_inline --no_tbaa --no_scheduling --debug --endian=little
#        --cpu=Cortex-M3 -e --char_is_signed --fpu=None --dlib_config
#        "C:\Program Files (x86)\IAR Systems\Embedded Workbench
#        8.0\arm\INC\c\DLib_Config_Full.h" -I F:\nano\EWARM/../Inc\ -I
#        F:\nano\EWARM/../Src\ -I
#        F:\nano\EWARM/../Drivers/STM32F1xx_HAL_Driver/Inc\ -I
#        F:\nano\EWARM/../Drivers/STM32F1xx_HAL_Driver/Inc/Legacy\ -I
#        F:\nano\EWARM/../Drivers/STM32F10x_StdPeriph_Driver/Inc\ -I
#        F:\nano\EWARM/../Drivers/CMSIS/Device/ST/STM32F1xx/Include\ -I
#        F:\nano\EWARM/../Drivers/CMSIS/Include\ -I
#        F:\nano\EWARM/../Drivers/BSP/STM32MKS-3dPrinter\ -I
#        F:\nano\EWARM/../Drivers/BSP/Components/Common\ -I
#        F:\nano\EWARM/../Drivers/BSP/Components/l6474\ -I
#        F:\nano\EWARM/../Drivers/BSP/Components/at24cxx\ -I
#        F:\nano\EWARM/../Drivers/BSP/Components/w25qxx\ -I
#        F:\nano\EWARM/../Drivers/BSP/MotorControl\ -I
#        F:\nano\EWARM/../Middlewares/Third_Party/FatFs/src\ -I
#        F:\nano\EWARM/../Middlewares/Third_Party/FatFs/src/drivers\ -I
#        F:\nano\EWARM/../Middlewares/Third_Party/Marlin\ -I
#        F:\nano\EWARM/../Middlewares/Third_Party/u8glib_arm_v1.17/src\ -I
#        F:\nano\EWARM/../Middlewares/arduino\ -I
#        F:\nano\EWARM/../Middlewares/arduino/avr\ -I
#        F:\nano\EWARM/../Inc/Logo\ -Om --use_c++_inline -I "C:\Program Files
#        (x86)\IAR Systems\Embedded Workbench 8.0\arm\CMSIS\Core\Include\" -I
#        "C:\Program Files (x86)\IAR Systems\Embedded Workbench
#        8.0\arm\CMSIS\DSP\Include\")
#    Locale       =  C
#    List file    =  F:\nano\EWARM\mksRobinLite\List\u8g_u8toa.lst
#    Object file  =  F:\nano\EWARM\mksRobinLite\Obj\u8g_u8toa.o
#
###############################################################################

F:\nano\Middlewares\Third_Party\u8glib_arm_v1.17\src\u8g_u8toa.c
      1          /*
      2          
      3            u8g_u8toa.c
      4          
      5          
      6            Universal 8bit Graphics Library
      7            
      8            Copyright (c) 2011, olikraus@gmail.com
      9            All rights reserved.
     10          
     11            Redistribution and use in source and binary forms, with or without modification, 
     12            are permitted provided that the following conditions are met:
     13          
     14            * Redistributions of source code must retain the above copyright notice, this list 
     15              of conditions and the following disclaimer.
     16              
     17            * Redistributions in binary form must reproduce the above copyright notice, this 
     18              list of conditions and the following disclaimer in the documentation and/or other 
     19              materials provided with the distribution.
     20          
     21            THIS SOFTWARE IS PROVIDED BY THE COPYRIGHT HOLDERS AND 
     22            CONTRIBUTORS "AS IS" AND ANY EXPRESS OR IMPLIED WARRANTIES, 
     23            INCLUDING, BUT NOT LIMITED TO, THE IMPLIED WARRANTIES OF 
     24            MERCHANTABILITY AND FITNESS FOR A PARTICULAR PURPOSE ARE 
     25            DISCLAIMED. IN NO EVENT SHALL THE COPYRIGHT HOLDER OR 
     26            CONTRIBUTORS BE LIABLE FOR ANY DIRECT, INDIRECT, INCIDENTAL, 
     27            SPECIAL, EXEMPLARY, OR CONSEQUENTIAL DAMAGES (INCLUDING, BUT 
     28            NOT LIMITED TO, PROCUREMENT OF SUBSTITUTE GOODS OR SERVICES; 
     29            LOSS OF USE, DATA, OR PROFITS; OR BUSINESS INTERRUPTION) HOWEVER 
     30            CAUSED AND ON ANY THEORY OF LIABILITY, WHETHER IN CONTRACT, 
     31            STRICT LIABILITY, OR TORT (INCLUDING NEGLIGENCE OR OTHERWISE) 
     32            ARISING IN ANY WAY OUT OF THE USE OF THIS SOFTWARE, EVEN IF 
     33            ADVISED OF THE POSSIBILITY OF SUCH DAMAGE.  
     34            
     35          */
     36          
     37          
     38          #include "u8g.h"
     39          

   \                                 In section .text, align 4, keep-with-next
     40          static const unsigned char u8g_u8toa_tab[3]  = { 100, 10, 1 } ;
   \                     u8g_u8toa_tab:
   \   00000000   0x64 0x0A          DC8 100, 10, 1, 0
   \              0x01 0x00    

   \                                 In section .text, align 4, keep-with-next
     41          const char *u8g_u8toap(char * dest, uint8_t v)
     42          {
   \                     u8g_u8toap: (+1)
   \   00000000   0xB430             PUSH     {R4,R5}
     43            uint8_t pos;
     44            uint8_t d;
     45            uint8_t c;
     46            for( pos = 0; pos < 3; pos++ )
   \   00000002   0x2200             MOVS     R2,#+0
   \   00000004   0xE007             B.N      ??u8g_u8toap_0
     47            {
     48                d = '0';
     49                c = *(u8g_u8toa_tab+pos);
     50                while( v >= c )
     51                {
     52          	v -= c;
   \                     ??u8g_u8toap_1: (+1)
   \   00000006   0x1AC9             SUBS     R1,R1,R3
     53          	d++;
   \   00000008   0x1C64             ADDS     R4,R4,#+1
     54                }
   \                     ??u8g_u8toap_2: (+1)
   \   0000000A   0x460D             MOV      R5,R1
   \   0000000C   0xB2ED             UXTB     R5,R5
   \   0000000E   0x429D             CMP      R5,R3
   \   00000010   0xDAF9             BGE.N    ??u8g_u8toap_1
     55                dest[pos] = d;
   \   00000012   0x5484             STRB     R4,[R0, R2]
   \   00000014   0x1C52             ADDS     R2,R2,#+1
   \                     ??u8g_u8toap_0: (+1)
   \   00000016   0x2A03             CMP      R2,#+3
   \   00000018   0xDA03             BGE.N    ??u8g_u8toap_3
   \   0000001A   0x2430             MOVS     R4,#+48
   \   0000001C   0x....             ADR.N    R3,u8g_u8toa_tab
   \   0000001E   0x5C9B             LDRB     R3,[R3, R2]
   \   00000020   0xE7F3             B.N      ??u8g_u8toap_2
     56            }  
     57            dest[3] = '\0';
   \                     ??u8g_u8toap_3: (+1)
   \   00000022   0x2100             MOVS     R1,#+0
   \   00000024   0x70C1             STRB     R1,[R0, #+3]
     58            return dest;
   \   00000026   0xBC30             POP      {R4,R5}
   \   00000028   0x4770             BX       LR               ;; return
     59          }
     60          
     61          /* v = value, d = number of digits */

   \                                 In section .text, align 2, keep-with-next
     62          const char *u8g_u8toa(uint8_t v, uint8_t d)
     63          {
   \                     u8g_u8toa: (+1)
   \   00000000   0xB510             PUSH     {R4,LR}
   \   00000002   0x460C             MOV      R4,R1
     64            static char buf[4];
     65            d = 3-d;
     66            return u8g_u8toap(buf, v) + d;
   \   00000004   0x4601             MOV      R1,R0
   \   00000006   0x....             LDR.N    R0,??DataTable2
   \   00000008   0x.... 0x....      BL       u8g_u8toap
   \   0000000C   0xF1C4 0x0403      RSB      R4,R4,#+3
   \   00000010   0xB2E4             UXTB     R4,R4
   \   00000012   0x4420             ADD      R0,R0,R4
   \   00000014   0xBD10             POP      {R4,PC}          ;; return
     67          }

   \                                 In section .bss, align 4
   \                     `u8g_u8toa::buf`:
   \   00000000                      DS8 4

   \                                 In section .text, align 4, keep-with-next
   \                     ??DataTable2:
   \   00000000   0x........         DC32     `u8g_u8toa::buf`
     68          

   Maximum stack usage in bytes:

   .cstack Function
   ------- --------
       8   u8g_u8toa
         8   -> u8g_u8toap
       8   u8g_u8toap


   Section sizes:

   Bytes  Function/Label
   -----  --------------
       4  ??DataTable2
       4  buf
      22  u8g_u8toa
       4  u8g_u8toa_tab
      42  u8g_u8toap

 
  4 bytes in section .bss
 72 bytes in section .text
 
 72 bytes of CODE memory
  4 bytes of DATA memory

Errors: none
Warnings: none
