###############################################################################
#
# IAR ANSI C/C++ Compiler V8.22.1.15669/W32 for ARM       28/Dec/2020  21:37:13
# Copyright 1999-2018 IAR Systems AB.
#
#    Cpu mode     =  thumb
#    Endian       =  little
#    Source file  =  
#        F:\nano\Middlewares\Third_Party\u8glib_arm_v1.17\src\u8g_u16toa.c
#    Command line =  
#        -f C:\Users\ADMINI~1\AppData\Local\Temp\EW5B0A.tmp
#        (F:\nano\Middlewares\Third_Party\u8glib_arm_v1.17\src\u8g_u16toa.c -D
#        USE_HAL_DRIVER -D STM32F103xE -D MKS_ROBIN -D MARLIN -D __arm__ -D
#        USE_MKS_WIFI --preprocess=s F:\nano\EWARM\mksRobinLite\List -lC
#        F:\nano\EWARM\mksRobinLite\List -lA F:\nano\EWARM\mksRobinLite\List
#        --diag_suppress Pa050 -o F:\nano\EWARM\mksRobinLite\Obj --no_unroll
#        --no_inline --no_tbaa --no_scheduling --debug --endian=little
#        --cpu=Cortex-M3 -e --char_is_signed --fpu=None --dlib_config
#        "C:\Program Files (x86)\IAR Systems\Embedded Workbench
#        8.0\arm\INC\c\DLib_Config_Full.h" -I F:\nano\EWARM/../Inc\ -I
#        F:\nano\EWARM/../Src\ -I
#        F:\nano\EWARM/../Drivers/STM32F1xx_HAL_Driver/Inc\ -I
#        F:\nano\EWARM/../Drivers/STM32F1xx_HAL_Driver/Inc/Legacy\ -I
#        F:\nano\EWARM/../Drivers/STM32F10x_StdPeriph_Driver/Inc\ -I
#        F:\nano\EWARM/../Drivers/CMSIS/Device/ST/STM32F1xx/Include\ -I
#        F:\nano\EWARM/../Drivers/CMSIS/Include\ -I
#        F:\nano\EWARM/../Drivers/BSP/STM32MKS-3dPrinter\ -I
#        F:\nano\EWARM/../Drivers/BSP/Components/Common\ -I
#        F:\nano\EWARM/../Drivers/BSP/Components/l6474\ -I
#        F:\nano\EWARM/../Drivers/BSP/Components/at24cxx\ -I
#        F:\nano\EWARM/../Drivers/BSP/Components/w25qxx\ -I
#        F:\nano\EWARM/../Drivers/BSP/MotorControl\ -I
#        F:\nano\EWARM/../Middlewares/Third_Party/FatFs/src\ -I
#        F:\nano\EWARM/../Middlewares/Third_Party/FatFs/src/drivers\ -I
#        F:\nano\EWARM/../Middlewares/Third_Party/Marlin\ -I
#        F:\nano\EWARM/../Middlewares/Third_Party/u8glib_arm_v1.17/src\ -I
#        F:\nano\EWARM/../Middlewares/arduino\ -I
#        F:\nano\EWARM/../Middlewares/arduino/avr\ -I
#        F:\nano\EWARM/../Inc/Logo\ -Om --use_c++_inline -I "C:\Program Files
#        (x86)\IAR Systems\Embedded Workbench 8.0\arm\CMSIS\Core\Include\" -I
#        "C:\Program Files (x86)\IAR Systems\Embedded Workbench
#        8.0\arm\CMSIS\DSP\Include\")
#    Locale       =  C
#    List file    =  F:\nano\EWARM\mksRobinLite\List\u8g_u16toa.lst
#    Object file  =  F:\nano\EWARM\mksRobinLite\Obj\u8g_u16toa.o
#
###############################################################################

F:\nano\Middlewares\Third_Party\u8glib_arm_v1.17\src\u8g_u16toa.c
      1          /*
      2          
      3            u8g_u16toa.c
      4          
      5          
      6            Universal 8bit Graphics Library
      7            
      8            Copyright (c) 2012, olikraus@gmail.com
      9            All rights reserved.
     10          
     11            Redistribution and use in source and binary forms, with or without modification, 
     12            are permitted provided that the following conditions are met:
     13          
     14            * Redistributions of source code must retain the above copyright notice, this list 
     15              of conditions and the following disclaimer.
     16              
     17            * Redistributions in binary form must reproduce the above copyright notice, this 
     18              list of conditions and the following disclaimer in the documentation and/or other 
     19              materials provided with the distribution.
     20          
     21            THIS SOFTWARE IS PROVIDED BY THE COPYRIGHT HOLDERS AND 
     22            CONTRIBUTORS "AS IS" AND ANY EXPRESS OR IMPLIED WARRANTIES, 
     23            INCLUDING, BUT NOT LIMITED TO, THE IMPLIED WARRANTIES OF 
     24            MERCHANTABILITY AND FITNESS FOR A PARTICULAR PURPOSE ARE 
     25            DISCLAIMED. IN NO EVENT SHALL THE COPYRIGHT HOLDER OR 
     26            CONTRIBUTORS BE LIABLE FOR ANY DIRECT, INDIRECT, INCIDENTAL, 
     27            SPECIAL, EXEMPLARY, OR CONSEQUENTIAL DAMAGES (INCLUDING, BUT 
     28            NOT LIMITED TO, PROCUREMENT OF SUBSTITUTE GOODS OR SERVICES; 
     29            LOSS OF USE, DATA, OR PROFITS; OR BUSINESS INTERRUPTION) HOWEVER 
     30            CAUSED AND ON ANY THEORY OF LIABILITY, WHETHER IN CONTRACT, 
     31            STRICT LIABILITY, OR TORT (INCLUDING NEGLIGENCE OR OTHERWISE) 
     32            ARISING IN ANY WAY OUT OF THE USE OF THIS SOFTWARE, EVEN IF 
     33            ADVISED OF THE POSSIBILITY OF SUCH DAMAGE.  
     34            
     35          */
     36          
     37          
     38          #include "u8g.h"
     39          

   \                                 In section .text, align 2, keep-with-next
     40          const char *u8g_u16toap(char * dest, uint16_t v)
     41          {
   \                     u8g_u16toap: (+1)
   \   00000000   0xB470             PUSH     {R4-R6}
     42            uint8_t pos;
     43            uint8_t d;
     44            uint16_t c;
     45            c = 10000;
   \   00000002   0xF242 0x7210      MOVW     R2,#+10000
     46            for( pos = 0; pos < 5; pos++ )
   \   00000006   0x2300             MOVS     R3,#+0
   \   00000008   0xE00B             B.N      ??u8g_u16toap_0
     47            {
     48                d = '0';
     49                while( v >= c )
     50                {
     51          	v -= c;
   \                     ??u8g_u16toap_1: (+1)
   \   0000000A   0x1A89             SUBS     R1,R1,R2
     52          	d++;
   \   0000000C   0x1C64             ADDS     R4,R4,#+1
     53                }
   \                     ??u8g_u16toap_2: (+1)
   \   0000000E   0x460E             MOV      R6,R1
   \   00000010   0xB2B6             UXTH     R6,R6
   \   00000012   0x4296             CMP      R6,R2
   \   00000014   0xDAF9             BGE.N    ??u8g_u16toap_1
     54                dest[pos] = d;
   \   00000016   0x5544             STRB     R4,[R0, R5]
     55                c /= 10;
   \   00000018   0x240A             MOVS     R4,#+10
   \   0000001A   0xFB92 0xF2F4      SDIV     R2,R2,R4
   \   0000001E   0xB292             UXTH     R2,R2
   \   00000020   0x1C5B             ADDS     R3,R3,#+1
   \                     ??u8g_u16toap_0: (+1)
   \   00000022   0x461D             MOV      R5,R3
   \   00000024   0xB2ED             UXTB     R5,R5
   \   00000026   0x2D05             CMP      R5,#+5
   \   00000028   0xDA01             BGE.N    ??u8g_u16toap_3
   \   0000002A   0x2430             MOVS     R4,#+48
   \   0000002C   0xE7EF             B.N      ??u8g_u16toap_2
     56            }  
     57            dest[5] = '\0';
   \                     ??u8g_u16toap_3: (+1)
   \   0000002E   0x2100             MOVS     R1,#+0
   \   00000030   0x7141             STRB     R1,[R0, #+5]
     58            return dest;
   \   00000032   0xBC70             POP      {R4-R6}
   \   00000034   0x4770             BX       LR               ;; return
     59          }
     60          
     61          /* v = value, d = number of digits */

   \                                 In section .text, align 2, keep-with-next
     62          const char *u8g_u16toa(uint16_t v, uint8_t d)
     63          {
   \                     u8g_u16toa: (+1)
   \   00000000   0xB510             PUSH     {R4,LR}
   \   00000002   0x460C             MOV      R4,R1
     64            static char buf[6];
     65            d = 5-d;
     66            return u8g_u16toap(buf, v) + d;
   \   00000004   0x4601             MOV      R1,R0
   \   00000006   0x....             LDR.N    R0,??DataTable1
   \   00000008   0x.... 0x....      BL       u8g_u16toap
   \   0000000C   0xF1C4 0x0405      RSB      R4,R4,#+5
   \   00000010   0xB2E4             UXTB     R4,R4
   \   00000012   0x4420             ADD      R0,R0,R4
   \   00000014   0xBD10             POP      {R4,PC}          ;; return
     67          }

   \                                 In section .bss, align 4
   \                     `u8g_u16toa::buf`:
   \   00000000                      DS8 8

   \                                 In section .text, align 4, keep-with-next
   \                     ??DataTable1:
   \   00000000   0x........         DC32     `u8g_u16toa::buf`
     68          

   Maximum stack usage in bytes:

   .cstack Function
   ------- --------
       8   u8g_u16toa
         8   -> u8g_u16toap
      12   u8g_u16toap


   Section sizes:

   Bytes  Function/Label
   -----  --------------
       4  ??DataTable1
       8  buf
      22  u8g_u16toa
      54  u8g_u16toap

 
  8 bytes in section .bss
 80 bytes in section .text
 
 80 bytes of CODE memory
  8 bytes of DATA memory

Errors: none
Warnings: none
