###############################################################################
#
# IAR ANSI C/C++ Compiler V8.30.1.114/W32 for ARM         07/Apr/2021  11:04:55
# Copyright 1999-2018 IAR Systems AB.
#
#    Cpu mode     =  thumb
#    Endian       =  little
#    Source file  =  
#        C:\Users\PLT\Desktop\mksRobinLite_nano\Middlewares\Third_Party\Marlin\blinkm.cpp
#    Command line =  
#        -f C:\Users\PLT\AppData\Local\Temp\EW60EA.tmp
#        (C:\Users\PLT\Desktop\mksRobinLite_nano\Middlewares\Third_Party\Marlin\blinkm.cpp
#        -D USE_HAL_DRIVER -D STM32F103xE -D MKS_ROBIN -D MARLIN -D __arm__ -D
#        USE_MKS_WIFI --preprocess=s
#        C:\Users\PLT\Desktop\mksRobinLite_nano\EWARM\mksRobinLite\List -lC
#        C:\Users\PLT\Desktop\mksRobinLite_nano\EWARM\mksRobinLite\List -lA
#        C:\Users\PLT\Desktop\mksRobinLite_nano\EWARM\mksRobinLite\List
#        --diag_suppress Pa050 -o
#        C:\Users\PLT\Desktop\mksRobinLite_nano\EWARM\mksRobinLite\Obj
#        --no_unroll --no_inline --no_tbaa --no_scheduling --debug
#        --endian=little --cpu=Cortex-M3 -e --char_is_signed --fpu=None
#        --dlib_config "D:\Program Files (x86)\IAR Systems\Embedded Workbench
#        8.1\arm\inc\c\DLib_Config_Full.h" -I
#        C:\Users\PLT\Desktop\mksRobinLite_nano\EWARM/../Inc\ -I
#        C:\Users\PLT\Desktop\mksRobinLite_nano\EWARM/../Src\ -I
#        C:\Users\PLT\Desktop\mksRobinLite_nano\EWARM/../Drivers/STM32F1xx_HAL_Driver/Inc\
#        -I
#        C:\Users\PLT\Desktop\mksRobinLite_nano\EWARM/../Drivers/STM32F1xx_HAL_Driver/Inc/Legacy\
#        -I
#        C:\Users\PLT\Desktop\mksRobinLite_nano\EWARM/../Drivers/STM32F10x_StdPeriph_Driver/Inc\
#        -I
#        C:\Users\PLT\Desktop\mksRobinLite_nano\EWARM/../Drivers/CMSIS/Device/ST/STM32F1xx/Include\
#        -I
#        C:\Users\PLT\Desktop\mksRobinLite_nano\EWARM/../Drivers/CMSIS/Include\
#        -I
#        C:\Users\PLT\Desktop\mksRobinLite_nano\EWARM/../Drivers/BSP/STM32MKS-3dPrinter\
#        -I
#        C:\Users\PLT\Desktop\mksRobinLite_nano\EWARM/../Drivers/BSP/Components/Common\
#        -I
#        C:\Users\PLT\Desktop\mksRobinLite_nano\EWARM/../Drivers/BSP/Components/l6474\
#        -I
#        C:\Users\PLT\Desktop\mksRobinLite_nano\EWARM/../Drivers/BSP/Components/at24cxx\
#        -I
#        C:\Users\PLT\Desktop\mksRobinLite_nano\EWARM/../Drivers/BSP/Components/w25qxx\
#        -I
#        C:\Users\PLT\Desktop\mksRobinLite_nano\EWARM/../Drivers/BSP/MotorControl\
#        -I
#        C:\Users\PLT\Desktop\mksRobinLite_nano\EWARM/../Middlewares/Third_Party/FatFs/src\
#        -I
#        C:\Users\PLT\Desktop\mksRobinLite_nano\EWARM/../Middlewares/Third_Party/FatFs/src/drivers\
#        -I
#        C:\Users\PLT\Desktop\mksRobinLite_nano\EWARM/../Middlewares/Third_Party/Marlin\
#        -I
#        C:\Users\PLT\Desktop\mksRobinLite_nano\EWARM/../Middlewares/Third_Party/u8glib_arm_v1.17/src\
#        -I
#        C:\Users\PLT\Desktop\mksRobinLite_nano\EWARM/../Middlewares/arduino\
#        -I
#        C:\Users\PLT\Desktop\mksRobinLite_nano\EWARM/../Middlewares/arduino/avr\
#        -I C:\Users\PLT\Desktop\mksRobinLite_nano\EWARM/../Inc/Logo\ -Om --c++
#        --no_exceptions --no_rtti -I "D:\Program Files (x86)\IAR
#        Systems\Embedded Workbench 8.1\arm\CMSIS\Core\Include\" -I "D:\Program
#        Files (x86)\IAR Systems\Embedded Workbench
#        8.1\arm\CMSIS\DSP\Include\")
#    Locale       =  C
#    List file    =  
#        C:\Users\PLT\Desktop\mksRobinLite_nano\EWARM\mksRobinLite\List\blinkm.lst
#    Object file  =  
#        C:\Users\PLT\Desktop\mksRobinLite_nano\EWARM\mksRobinLite\Obj\blinkm.o
#
###############################################################################

C:\Users\PLT\Desktop\mksRobinLite_nano\Middlewares\Third_Party\Marlin\blinkm.cpp
      1          /**
      2           * Marlin 3D Printer Firmware
      3           * Copyright (C) 2016 MarlinFirmware [https://github.com/MarlinFirmware/Marlin]
      4           *
      5           * Based on Sprinter and grbl.
      6           * Copyright (C) 2011 Camiel Gubbels / Erik van der Zalm
      7           *
      8           * This program is free software: you can redistribute it and/or modify
      9           * it under the terms of the GNU General Public License as published by
     10           * the Free Software Foundation, either version 3 of the License, or
     11           * (at your option) any later version.
     12           *
     13           * This program is distributed in the hope that it will be useful,
     14           * but WITHOUT ANY WARRANTY; without even the implied warranty of
     15           * MERCHANTABILITY or FITNESS FOR A PARTICULAR PURPOSE.  See the
     16           * GNU General Public License for more details.
     17           *
     18           * You should have received a copy of the GNU General Public License
     19           * along with this program.  If not, see <http://www.gnu.org/licenses/>.
     20           *
     21           */
     22          
     23          /**
     24           * blinkm.cpp - Library for controlling a BlinkM over i2c
     25           * Created by Tim Koster, August 21 2013.
     26           */
     27          
     28          #include "Marlin.h"

    #define SDSS   18
            ^
"C:\Users\PLT\Desktop\mksRobinLite_nano\Middlewares\Third_Party\Marlin\pins_MKS_ROBIN_LITE.h",161  Warning[Pa181]: 
          incompatible redefinition of macro "SDSS" (declared at line 62)

  #define UNUSED(x) ((void)(x))
          ^
"C:\Users\PLT\Desktop\mksRobinLite_nano\Drivers\STM32F1xx_HAL_Driver\Inc\stm32f1xx_hal_def.h",87  Warning[Pa181]: 
          incompatible redefinition of macro "UNUSED" (declared at line 88 of
          "C:\Users\PLT\Desktop\mksRobinLite_nano\Middlewares\Third_Party\Marl
          in\macros.h")

  #define PRINT_LED_PIN         PDout(2)
          ^
"C:\Users\PLT\Desktop\mksRobinLite_nano\Drivers\BSP\STM32MKS-3dPrinter\mks_fastio.h",14  Warning[Pa181]: 
          incompatible redefinition of macro "PRINT_LED_PIN" (declared at line
          146 of "C:\Users\PLT\Desktop\mksRobinLite_nano\Inc\main.h")
     29          
     30          #if ENABLED(BLINKM)
     31          
     32          #include "blinkm.h"
     33          
     34          void SendColors(byte red, byte grn, byte blu) {
     35            Wire.begin();
     36            Wire.beginTransmission(0x09);
     37            Wire.write('o');                    //to disable ongoing script, only needs to be used once
     38            Wire.write('n');
     39            Wire.write(red);
     40            Wire.write(grn);
     41            Wire.write(blu);
     42            Wire.endTransmission();
     43          }
     44          
     45          #endif //BLINKM
     46          


 
 
 0 bytes of memory

Errors: none
Warnings: 3
