###############################################################################
#
# IAR ANSI C/C++ Compiler V8.22.1.15669/W32 for ARM       28/Dec/2020  22:13:54
# Copyright 1999-2018 IAR Systems AB.
#
#    Cpu mode     =  thumb
#    Endian       =  little
#    Source file  =  
#        F:\nano\Drivers\STM32F1xx_HAL_Driver\Src\stm32f1xx_hal_gpio_ex.c
#    Command line =  
#        -f C:\Users\ADMINI~1\AppData\Local\Temp\EWF6FB.tmp
#        (F:\nano\Drivers\STM32F1xx_HAL_Driver\Src\stm32f1xx_hal_gpio_ex.c -D
#        USE_HAL_DRIVER -D STM32F103xE -D MKS_ROBIN -D MARLIN -D __arm__ -D
#        USE_MKS_WIFI --preprocess=s F:\nano\EWARM\mksRobinLite\List -lC
#        F:\nano\EWARM\mksRobinLite\List -lA F:\nano\EWARM\mksRobinLite\List
#        --diag_suppress Pa050 -o F:\nano\EWARM\mksRobinLite\Obj --no_unroll
#        --no_inline --no_tbaa --no_scheduling --debug --endian=little
#        --cpu=Cortex-M3 -e --char_is_signed --fpu=None --dlib_config
#        "C:\Program Files (x86)\IAR Systems\Embedded Workbench
#        8.0\arm\INC\c\DLib_Config_Full.h" -I F:\nano\EWARM/../Inc\ -I
#        F:\nano\EWARM/../Src\ -I
#        F:\nano\EWARM/../Drivers/STM32F1xx_HAL_Driver/Inc\ -I
#        F:\nano\EWARM/../Drivers/STM32F1xx_HAL_Driver/Inc/Legacy\ -I
#        F:\nano\EWARM/../Drivers/STM32F10x_StdPeriph_Driver/Inc\ -I
#        F:\nano\EWARM/../Drivers/CMSIS/Device/ST/STM32F1xx/Include\ -I
#        F:\nano\EWARM/../Drivers/CMSIS/Include\ -I
#        F:\nano\EWARM/../Drivers/BSP/STM32MKS-3dPrinter\ -I
#        F:\nano\EWARM/../Drivers/BSP/Components/Common\ -I
#        F:\nano\EWARM/../Drivers/BSP/Components/l6474\ -I
#        F:\nano\EWARM/../Drivers/BSP/Components/at24cxx\ -I
#        F:\nano\EWARM/../Drivers/BSP/Components/w25qxx\ -I
#        F:\nano\EWARM/../Drivers/BSP/MotorControl\ -I
#        F:\nano\EWARM/../Middlewares/Third_Party/FatFs/src\ -I
#        F:\nano\EWARM/../Middlewares/Third_Party/FatFs/src/drivers\ -I
#        F:\nano\EWARM/../Middlewares/Third_Party/Marlin\ -I
#        F:\nano\EWARM/../Middlewares/Third_Party/u8glib_arm_v1.17/src\ -I
#        F:\nano\EWARM/../Middlewares/arduino\ -I
#        F:\nano\EWARM/../Middlewares/arduino/avr\ -I
#        F:\nano\EWARM/../Inc/Logo\ -Om --use_c++_inline -I "C:\Program Files
#        (x86)\IAR Systems\Embedded Workbench 8.0\arm\CMSIS\Core\Include\" -I
#        "C:\Program Files (x86)\IAR Systems\Embedded Workbench
#        8.0\arm\CMSIS\DSP\Include\")
#    Locale       =  C
#    List file    =  F:\nano\EWARM\mksRobinLite\List\stm32f1xx_hal_gpio_ex.lst
#    Object file  =  F:\nano\EWARM\mksRobinLite\Obj\stm32f1xx_hal_gpio_ex.o
#
###############################################################################

F:\nano\Drivers\STM32F1xx_HAL_Driver\Src\stm32f1xx_hal_gpio_ex.c
      1          /**
      2            ******************************************************************************
      3            * @file    stm32f1xx_hal_gpio_ex.c
      4            * @author  MCD Application Team
      5            * @version V1.0.4
      6            * @date    29-April-2016
      7            * @brief   GPIO Extension HAL module driver.
      8            *         This file provides firmware functions to manage the following 
      9            *          functionalities of the General Purpose Input/Output (GPIO) extension peripheral.
     10            *           + Extended features functions
     11            *         
     12            @verbatim
     13            ==============================================================================
     14                              ##### GPIO Peripheral extension features #####
     15            ==============================================================================         
     16            [..] GPIO module on STM32F1 family, manage also the AFIO register:
     17                 (+) Possibility to use the EVENTOUT Cortex feature
     18             
     19                               ##### How to use this driver #####
     20            ==============================================================================
     21            [..] This driver provides functions to use EVENTOUT Cortex feature
     22              (#) Configure EVENTOUT Cortex feature using the function HAL_GPIOEx_ConfigEventout()
     23              (#) Activate EVENTOUT Cortex feature using the HAL_GPIOEx_EnableEventout()
     24              (#) Deactivate EVENTOUT Cortex feature using the HAL_GPIOEx_DisableEventout()
     25           
     26            @endverbatim
     27            ******************************************************************************
     28            * @attention
     29            *
     30            * <h2><center>&copy; COPYRIGHT(c) 2016 STMicroelectronics</center></h2>
     31            *
     32            * Redistribution and use in source and binary forms, with or without modification,
     33            * are permitted provided that the following conditions are met:
     34            *   1. Redistributions of source code must retain the above copyright notice,
     35            *      this list of conditions and the following disclaimer.
     36            *   2. Redistributions in binary form must reproduce the above copyright notice,
     37            *      this list of conditions and the following disclaimer in the documentation
     38            *      and/or other materials provided with the distribution.
     39            *   3. Neither the name of STMicroelectronics nor the names of its contributors
     40            *      may be used to endorse or promote products derived from this software
     41            *      without specific prior written permission.
     42            *
     43            * THIS SOFTWARE IS PROVIDED BY THE COPYRIGHT HOLDERS AND CONTRIBUTORS "AS IS"
     44            * AND ANY EXPRESS OR IMPLIED WARRANTIES, INCLUDING, BUT NOT LIMITED TO, THE
     45            * IMPLIED WARRANTIES OF MERCHANTABILITY AND FITNESS FOR A PARTICULAR PURPOSE ARE
     46            * DISCLAIMED. IN NO EVENT SHALL THE COPYRIGHT HOLDER OR CONTRIBUTORS BE LIABLE
     47            * FOR ANY DIRECT, INDIRECT, INCIDENTAL, SPECIAL, EXEMPLARY, OR CONSEQUENTIAL
     48            * DAMAGES (INCLUDING, BUT NOT LIMITED TO, PROCUREMENT OF SUBSTITUTE GOODS OR
     49            * SERVICES; LOSS OF USE, DATA, OR PROFITS; OR BUSINESS INTERRUPTION) HOWEVER
     50            * CAUSED AND ON ANY THEORY OF LIABILITY, WHETHER IN CONTRACT, STRICT LIABILITY,
     51            * OR TORT (INCLUDING NEGLIGENCE OR OTHERWISE) ARISING IN ANY WAY OUT OF THE USE
     52            * OF THIS SOFTWARE, EVEN IF ADVISED OF THE POSSIBILITY OF SUCH DAMAGE.
     53            *
     54            ******************************************************************************  
     55            */ 
     56          
     57          /* Includes ------------------------------------------------------------------*/
     58          #include "stm32f1xx_hal.h"
     59          
     60          /** @addtogroup STM32F1xx_HAL_Driver
     61            * @{
     62            */
     63          
     64          /** @defgroup GPIOEx GPIOEx
     65            * @brief GPIO HAL module driver
     66            * @{
     67            */
     68          
     69          #ifdef HAL_GPIO_MODULE_ENABLED
     70          
     71          /** @defgroup GPIOEx_Exported_Functions GPIOEx Exported Functions
     72            * @{
     73            */
     74          
     75          /** @defgroup GPIOEx_Exported_Functions_Group1 Extended features functions
     76           *  @brief    Extended features functions 
     77           *
     78          @verbatim   
     79            ==============================================================================
     80                           ##### Extended features functions #####
     81            ==============================================================================  
     82              [..]  This section provides functions allowing to:
     83              (+) Configure EVENTOUT Cortex feature using the function HAL_GPIOEx_ConfigEventout()
     84              (+) Activate EVENTOUT Cortex feature using the HAL_GPIOEx_EnableEventout()
     85              (+) Deactivate EVENTOUT Cortex feature using the HAL_GPIOEx_DisableEventout()
     86                               
     87          @endverbatim
     88            * @{
     89            */
     90            
     91          /**
     92            * @brief  Configures the port and pin on which the EVENTOUT Cortex signal will be connected.
     93            * @param  GPIO_PortSource Select the port used to output the Cortex EVENTOUT signal.
     94            *   This parameter can be a value of @ref GPIOEx_EVENTOUT_PORT.
     95            * @param  GPIO_PinSource Select the pin used to output the Cortex EVENTOUT signal.
     96            *   This parameter can be a value of @ref GPIOEx_EVENTOUT_PIN.
     97            * @retval None
     98            */  

   \                                 In section .text, align 2, keep-with-next
     99          void HAL_GPIOEx_ConfigEventout(uint32_t GPIO_PortSource, uint32_t GPIO_PinSource)
    100          {
    101            /* Verify the parameters */
    102            assert_param(IS_AFIO_EVENTOUT_PORT(GPIO_PortSource));
    103            assert_param(IS_AFIO_EVENTOUT_PIN(GPIO_PinSource));
    104            
    105            /* Apply the new configuration */
    106            MODIFY_REG(AFIO->EVCR, (AFIO_EVCR_PORT)|(AFIO_EVCR_PIN), (GPIO_PortSource)|(GPIO_PinSource));
   \                     HAL_GPIOEx_ConfigEventout: (+1)
   \   00000000   0x....             LDR.N    R2,??DataTable2  ;; 0x40010000
   \   00000002   0x6813             LDR      R3,[R2, #+0]
   \   00000004   0x09DB             LSRS     R3,R3,#+7
   \   00000006   0x4308             ORRS     R0,R0,R1
   \   00000008   0xEA50 0x10C3      ORRS     R0,R0,R3, LSL #+7
   \   0000000C   0x6010             STR      R0,[R2, #+0]
    107          }
   \   0000000E   0x4770             BX       LR               ;; return
    108          
    109          /**
    110            * @brief  Enables the Event Output.
    111            * @retval None
    112            */

   \                                 In section .text, align 2, keep-with-next
    113          void HAL_GPIOEx_EnableEventout(void)
    114          {
    115            SET_BIT(AFIO->EVCR, AFIO_EVCR_EVOE);
   \                     HAL_GPIOEx_EnableEventout: (+1)
   \   00000000   0x....             LDR.N    R0,??DataTable2  ;; 0x40010000
   \   00000002   0x6801             LDR      R1,[R0, #+0]
   \   00000004   0xF041 0x0180      ORR      R1,R1,#0x80
   \   00000008   0x6001             STR      R1,[R0, #+0]
    116          }
   \   0000000A   0x4770             BX       LR               ;; return
    117          
    118          /**
    119            * @brief  Disables the Event Output.
    120            * @retval None
    121            */

   \                                 In section .text, align 2, keep-with-next
    122          void HAL_GPIOEx_DisableEventout(void)
    123          {
    124            CLEAR_BIT(AFIO->EVCR, AFIO_EVCR_EVOE);
   \                     HAL_GPIOEx_DisableEventout: (+1)
   \   00000000   0x....             LDR.N    R0,??DataTable2  ;; 0x40010000
   \   00000002   0x6801             LDR      R1,[R0, #+0]
   \   00000004   0xF021 0x0180      BIC      R1,R1,#0x80
   \   00000008   0x6001             STR      R1,[R0, #+0]
    125          }
   \   0000000A   0x4770             BX       LR               ;; return

   \                                 In section .text, align 4, keep-with-next
   \                     ??DataTable2:
   \   00000000   0x40010000         DC32     0x40010000
    126          
    127          /**
    128            * @}
    129            */
    130            
    131          /**
    132            * @}
    133            */
    134            
    135          #endif /* HAL_GPIO_MODULE_ENABLED */
    136          
    137          /**
    138            * @}
    139            */
    140          
    141          /**
    142            * @}
    143            */
    144          
    145          /************************ (C) COPYRIGHT STMicroelectronics *****END OF FILE****/

   Maximum stack usage in bytes:

   .cstack Function
   ------- --------
       0   HAL_GPIOEx_ConfigEventout
       0   HAL_GPIOEx_DisableEventout
       0   HAL_GPIOEx_EnableEventout


   Section sizes:

   Bytes  Function/Label
   -----  --------------
       4  ??DataTable2
      16  HAL_GPIOEx_ConfigEventout
      12  HAL_GPIOEx_DisableEventout
      12  HAL_GPIOEx_EnableEventout

 
 44 bytes in section .text
 
 44 bytes of CODE memory

Errors: none
Warnings: none
