###############################################################################
#
# IAR ANSI C/C++ Compiler V8.22.1.15669/W32 for ARM       28/Dec/2020  21:37:11
# Copyright 1999-2018 IAR Systems AB.
#
#    Cpu mode     =  thumb
#    Endian       =  little
#    Source file  =  
#        F:\nano\Middlewares\Third_Party\u8glib_arm_v1.17\src\u8g_pb8h1f.c
#    Command line =  
#        -f C:\Users\ADMINI~1\AppData\Local\Temp\EW54F6.tmp
#        (F:\nano\Middlewares\Third_Party\u8glib_arm_v1.17\src\u8g_pb8h1f.c -D
#        USE_HAL_DRIVER -D STM32F103xE -D MKS_ROBIN -D MARLIN -D __arm__ -D
#        USE_MKS_WIFI --preprocess=s F:\nano\EWARM\mksRobinLite\List -lC
#        F:\nano\EWARM\mksRobinLite\List -lA F:\nano\EWARM\mksRobinLite\List
#        --diag_suppress Pa050 -o F:\nano\EWARM\mksRobinLite\Obj --no_unroll
#        --no_inline --no_tbaa --no_scheduling --debug --endian=little
#        --cpu=Cortex-M3 -e --char_is_signed --fpu=None --dlib_config
#        "C:\Program Files (x86)\IAR Systems\Embedded Workbench
#        8.0\arm\INC\c\DLib_Config_Full.h" -I F:\nano\EWARM/../Inc\ -I
#        F:\nano\EWARM/../Src\ -I
#        F:\nano\EWARM/../Drivers/STM32F1xx_HAL_Driver/Inc\ -I
#        F:\nano\EWARM/../Drivers/STM32F1xx_HAL_Driver/Inc/Legacy\ -I
#        F:\nano\EWARM/../Drivers/STM32F10x_StdPeriph_Driver/Inc\ -I
#        F:\nano\EWARM/../Drivers/CMSIS/Device/ST/STM32F1xx/Include\ -I
#        F:\nano\EWARM/../Drivers/CMSIS/Include\ -I
#        F:\nano\EWARM/../Drivers/BSP/STM32MKS-3dPrinter\ -I
#        F:\nano\EWARM/../Drivers/BSP/Components/Common\ -I
#        F:\nano\EWARM/../Drivers/BSP/Components/l6474\ -I
#        F:\nano\EWARM/../Drivers/BSP/Components/at24cxx\ -I
#        F:\nano\EWARM/../Drivers/BSP/Components/w25qxx\ -I
#        F:\nano\EWARM/../Drivers/BSP/MotorControl\ -I
#        F:\nano\EWARM/../Middlewares/Third_Party/FatFs/src\ -I
#        F:\nano\EWARM/../Middlewares/Third_Party/FatFs/src/drivers\ -I
#        F:\nano\EWARM/../Middlewares/Third_Party/Marlin\ -I
#        F:\nano\EWARM/../Middlewares/Third_Party/u8glib_arm_v1.17/src\ -I
#        F:\nano\EWARM/../Middlewares/arduino\ -I
#        F:\nano\EWARM/../Middlewares/arduino/avr\ -I
#        F:\nano\EWARM/../Inc/Logo\ -Om --use_c++_inline -I "C:\Program Files
#        (x86)\IAR Systems\Embedded Workbench 8.0\arm\CMSIS\Core\Include\" -I
#        "C:\Program Files (x86)\IAR Systems\Embedded Workbench
#        8.0\arm\CMSIS\DSP\Include\")
#    Locale       =  C
#    List file    =  F:\nano\EWARM\mksRobinLite\List\u8g_pb8h1f.lst
#    Object file  =  F:\nano\EWARM\mksRobinLite\Obj\u8g_pb8h1f.o
#
###############################################################################

F:\nano\Middlewares\Third_Party\u8glib_arm_v1.17\src\u8g_pb8h1f.c
      1          /*
      2          
      3            u8g_pb8h1f.c
      4            
      5            8bit height monochrom (1 bit) page buffer
      6            byte has horizontal orientation, same as u8g_pb8h1, but byte is flipped 
      7          
      8            Universal 8bit Graphics Library
      9            
     10            Copyright (c) 2011, olikraus@gmail.com
     11            All rights reserved.
     12          
     13            Redistribution and use in source and binary forms, with or without modification, 
     14            are permitted provided that the following conditions are met:
     15          
     16            * Redistributions of source code must retain the above copyright notice, this list 
     17              of conditions and the following disclaimer.
     18              
     19            * Redistributions in binary form must reproduce the above copyright notice, this 
     20              list of conditions and the following disclaimer in the documentation and/or other 
     21              materials provided with the distribution.
     22          
     23            THIS SOFTWARE IS PROVIDED BY THE COPYRIGHT HOLDERS AND 
     24            CONTRIBUTORS "AS IS" AND ANY EXPRESS OR IMPLIED WARRANTIES, 
     25            INCLUDING, BUT NOT LIMITED TO, THE IMPLIED WARRANTIES OF 
     26            MERCHANTABILITY AND FITNESS FOR A PARTICULAR PURPOSE ARE 
     27            DISCLAIMED. IN NO EVENT SHALL THE COPYRIGHT HOLDER OR 
     28            CONTRIBUTORS BE LIABLE FOR ANY DIRECT, INDIRECT, INCIDENTAL, 
     29            SPECIAL, EXEMPLARY, OR CONSEQUENTIAL DAMAGES (INCLUDING, BUT 
     30            NOT LIMITED TO, PROCUREMENT OF SUBSTITUTE GOODS OR SERVICES; 
     31            LOSS OF USE, DATA, OR PROFITS; OR BUSINESS INTERRUPTION) HOWEVER 
     32            CAUSED AND ON ANY THEORY OF LIABILITY, WHETHER IN CONTRACT, 
     33            STRICT LIABILITY, OR TORT (INCLUDING NEGLIGENCE OR OTHERWISE) 
     34            ARISING IN ANY WAY OUT OF THE USE OF THIS SOFTWARE, EVEN IF 
     35            ADVISED OF THE POSSIBILITY OF SUCH DAMAGE.  
     36          
     37          
     38            total buffer size is limited to 256 bytes because of the calculation inside the set pixel procedure
     39          
     40          
     41          */
     42          
     43          #include "u8g.h"
     44          #include <string.h>
     45          
     46          
     47          void u8g_pb8h1f_Init(u8g_pb_t *b, void *buf, u8g_uint_t width) U8G_NOINLINE;
     48          void u8g_pb8h1f_set_pixel(u8g_pb_t *b, u8g_uint_t x, u8g_uint_t y, uint8_t color_index) U8G_NOINLINE;
     49          void u8g_pb8h1f_SetPixel(u8g_pb_t *b, const u8g_dev_arg_pixel_t * const arg_pixel) U8G_NOINLINE ;
     50          void u8g_pb8h1f_Set8PixelStd(u8g_pb_t *b, u8g_dev_arg_pixel_t *arg_pixel) U8G_NOINLINE;
     51          uint8_t u8g_dev_pb8h1f_base_fn(u8g_t *u8g, u8g_dev_t *dev, uint8_t msg, void *arg);
     52          
     53          

   \                                 In section .text, align 2, keep-with-next
     54          void u8g_pb8h1f_Init(u8g_pb_t *b, void *buf, u8g_uint_t width)
     55          {
     56            b->buf = buf;
   \                     u8g_pb8h1f_Init: (+1)
   \   00000000   0x6081             STR      R1,[R0, #+8]
     57            b->width = width;
   \   00000002   0x7142             STRB     R2,[R0, #+5]
     58            u8g_pb_Clear(b);
   \   00000004   0x.... 0x....      B.W      u8g_pb_Clear
     59          }
     60          
     61          /* limitation: total buffer must not exceed 256 bytes, 20 nov 2012: extended to >256 bytes */

   \                                 In section .text, align 2, keep-with-next
     62          void u8g_pb8h1f_set_pixel(u8g_pb_t *b, u8g_uint_t x, u8g_uint_t y, uint8_t color_index)
     63          {
   \                     u8g_pb8h1f_set_pixel: (+1)
   \   00000000   0xB470             PUSH     {R4-R6}
     64            /*register uint8_t mask, tmp;*/
     65            register uint8_t mask; 
     66            register u8g_uint_t tmp;
     67            uint8_t *ptr = b->buf;
     68            
     69            y -= b->p.page_y0;
     70            tmp = b->width >> 3;
     71            tmp *= (uint8_t)y;
     72            ptr += tmp;
     73            
     74            mask = 1;
     75            mask <<= x & 7;
   \   00000002   0x2501             MOVS     R5,#+1
   \   00000004   0xF001 0x0407      AND      R4,R1,#0x7
   \   00000008   0xFA05 0xF404      LSL      R4,R5,R4
     76            x >>= 3;
     77            ptr += x;
   \   0000000C   0x6885             LDR      R5,[R0, #+8]
   \   0000000E   0x7946             LDRB     R6,[R0, #+5]
   \   00000010   0x10F6             ASRS     R6,R6,#+3
   \   00000012   0x7880             LDRB     R0,[R0, #+2]
   \   00000014   0x1A12             SUBS     R2,R2,R0
   \   00000016   0xB2D2             UXTB     R2,R2
   \   00000018   0x4372             MULS     R2,R2,R6
   \   0000001A   0xB2D2             UXTB     R2,R2
   \   0000001C   0x18A8             ADDS     R0,R5,R2
   \   0000001E   0xEB00 0x00D1      ADD      R0,R0,R1, LSR #+3
     78            if ( color_index )
   \   00000022   0x7801             LDRB     R1,[R0, #+0]
   \   00000024   0x2B00             CMP      R3,#+0
   \   00000026   0xD002             BEQ.N    ??u8g_pb8h1f_set_pixel_0
     79            {
     80              *ptr |= mask;
   \   00000028   0x430C             ORRS     R4,R4,R1
   \   0000002A   0x7004             STRB     R4,[R0, #+0]
   \   0000002C   0xE003             B.N      ??u8g_pb8h1f_set_pixel_1
     81            }
     82            else
     83            {
     84              mask ^=0xff;
     85              *ptr &= mask;
   \                     ??u8g_pb8h1f_set_pixel_0: (+1)
   \   0000002E   0xF084 0x04FF      EOR      R4,R4,#0xFF
   \   00000032   0x400C             ANDS     R4,R4,R1
   \   00000034   0x7004             STRB     R4,[R0, #+0]
     86            }
     87          }
   \                     ??u8g_pb8h1f_set_pixel_1: (+1)
   \   00000036   0xBC70             POP      {R4-R6}
   \   00000038   0x4770             BX       LR               ;; return
     88          
     89          

   \                                 In section .text, align 2, keep-with-next
     90          void u8g_pb8h1f_SetPixel(u8g_pb_t *b, const u8g_dev_arg_pixel_t * const arg_pixel)
     91          {
   \                     u8g_pb8h1f_SetPixel: (+1)
   \   00000000   0xB418             PUSH     {R3,R4}
     92            if ( arg_pixel->y < b->p.page_y0 )
   \   00000002   0x784A             LDRB     R2,[R1, #+1]
   \   00000004   0x7883             LDRB     R3,[R0, #+2]
   \   00000006   0x429A             CMP      R2,R3
   \   00000008   0xD30B             BCC.N    ??u8g_pb8h1f_SetPixel_0
     93              return;
     94            if ( arg_pixel->y > b->p.page_y1 )
   \   0000000A   0x78C3             LDRB     R3,[R0, #+3]
   \   0000000C   0x4293             CMP      R3,R2
   \   0000000E   0xD308             BCC.N    ??u8g_pb8h1f_SetPixel_0
     95              return;
     96            if ( arg_pixel->x >= b->width )
   \   00000010   0x780C             LDRB     R4,[R1, #+0]
   \   00000012   0x7943             LDRB     R3,[R0, #+5]
   \   00000014   0x429C             CMP      R4,R3
   \   00000016   0xD204             BCS.N    ??u8g_pb8h1f_SetPixel_0
     97              return;
     98            u8g_pb8h1f_set_pixel(b, arg_pixel->x, arg_pixel->y, arg_pixel->color);
   \   00000018   0x790B             LDRB     R3,[R1, #+4]
   \   0000001A   0x4621             MOV      R1,R4
   \   0000001C   0xB001             ADD      SP,SP,#+4
   \   0000001E   0xBC10             POP      {R4}
   \   00000020   0x....             B.N      u8g_pb8h1f_set_pixel
   \                     ??u8g_pb8h1f_SetPixel_0: (+1)
   \   00000022   0xBC11             POP      {R0,R4}
   \   00000024   0x4770             BX       LR               ;; return
     99          }
    100          

   \                                 In section .text, align 4, keep-with-next
    101          void u8g_pb8h1f_Set8PixelStd(u8g_pb_t *b, u8g_dev_arg_pixel_t *arg_pixel)
    102          {
   \                     u8g_pb8h1f_Set8PixelStd: (+1)
   \   00000000   0xB570             PUSH     {R4-R6,LR}
   \   00000002   0x4604             MOV      R4,R0
   \   00000004   0x460D             MOV      R5,R1
    103            register uint8_t pixel = arg_pixel->pixel;
   \   00000006   0x78AE             LDRB     R6,[R5, #+2]
    104            do
    105            {
    106              if ( pixel & 128 )
   \                     ??u8g_pb8h1f_Set8PixelStd_1: (+1)
   \   00000008   0x0630             LSLS     R0,R6,#+24
   \   0000000A   0xD503             BPL.N    ??u8g_pb8h1f_Set8PixelStd_2
    107              {
    108                u8g_pb8h1f_SetPixel(b, arg_pixel);
   \   0000000C   0x4629             MOV      R1,R5
   \   0000000E   0x4620             MOV      R0,R4
   \   00000010   0x.... 0x....      BL       u8g_pb8h1f_SetPixel
    109              }
    110              switch( arg_pixel->dir )
   \                     ??u8g_pb8h1f_Set8PixelStd_2: (+1)
   \   00000014   0x78E8             LDRB     R0,[R5, #+3]
   \   00000016   0x2803             CMP      R0,#+3
   \   00000018   0xD812             BHI.N    ??u8g_pb8h1f_Set8PixelStd_3
   \   0000001A   0xE8DF 0xF000      TBB      [PC, R0]
   \                     ??u8g_pb8h1f_Set8PixelStd_0:
   \   0000001E   0x02 0x06          DC8      0x2,0x6,0xA,0xE
   \              0x0A 0x0E    
    111              {
    112                case 0: arg_pixel->x++; break;
   \                     ??u8g_pb8h1f_Set8PixelStd_4: (+1)
   \   00000022   0x7828             LDRB     R0,[R5, #+0]
   \   00000024   0x1C40             ADDS     R0,R0,#+1
   \   00000026   0x7028             STRB     R0,[R5, #+0]
   \   00000028   0xE00A             B.N      ??u8g_pb8h1f_Set8PixelStd_3
    113                case 1: arg_pixel->y++; break;
   \                     ??u8g_pb8h1f_Set8PixelStd_5: (+1)
   \   0000002A   0x7868             LDRB     R0,[R5, #+1]
   \   0000002C   0x1C40             ADDS     R0,R0,#+1
   \   0000002E   0x7068             STRB     R0,[R5, #+1]
   \   00000030   0xE006             B.N      ??u8g_pb8h1f_Set8PixelStd_3
    114                case 2: arg_pixel->x--; break;
   \                     ??u8g_pb8h1f_Set8PixelStd_6: (+1)
   \   00000032   0x7828             LDRB     R0,[R5, #+0]
   \   00000034   0x1E40             SUBS     R0,R0,#+1
   \   00000036   0x7028             STRB     R0,[R5, #+0]
   \   00000038   0xE002             B.N      ??u8g_pb8h1f_Set8PixelStd_3
    115                case 3: arg_pixel->y--; break;
   \                     ??u8g_pb8h1f_Set8PixelStd_7: (+1)
   \   0000003A   0x7868             LDRB     R0,[R5, #+1]
   \   0000003C   0x1E40             SUBS     R0,R0,#+1
   \   0000003E   0x7068             STRB     R0,[R5, #+1]
    116              }
    117              pixel <<= 1;
   \                     ??u8g_pb8h1f_Set8PixelStd_3: (+1)
   \   00000040   0x0076             LSLS     R6,R6,#+1
    118            } while( pixel != 0  );
   \   00000042   0x4630             MOV      R0,R6
   \   00000044   0xB2C0             UXTB     R0,R0
   \   00000046   0x2800             CMP      R0,#+0
   \   00000048   0xD1DE             BNE.N    ??u8g_pb8h1f_Set8PixelStd_1
    119          }
   \   0000004A   0xBD70             POP      {R4-R6,PC}       ;; return
    120          

   \                                 In section .text, align 4, keep-with-next
    121          void u8g_pb8h1f_Set8PixelOpt2(u8g_pb_t *b, u8g_dev_arg_pixel_t *arg_pixel)
    122          {
   \                     u8g_pb8h1f_Set8PixelOpt2: (+1)
   \   00000000   0xE92D 0x41F0      PUSH     {R4-R8,LR}
   \   00000004   0x4606             MOV      R6,R0
   \   00000006   0x460F             MOV      R7,R1
    123            register uint8_t pixel = arg_pixel->pixel;
   \   00000008   0xF897 0x8002      LDRB     R8,[R7, #+2]
    124            u8g_uint_t dx = 0;
   \   0000000C   0x2400             MOVS     R4,#+0
    125            u8g_uint_t dy = 0;
   \   0000000E   0x4625             MOV      R5,R4
    126            
    127            switch( arg_pixel->dir )
   \   00000010   0x78F8             LDRB     R0,[R7, #+3]
   \   00000012   0x2803             CMP      R0,#+3
   \   00000014   0xD804             BHI.N    ??u8g_pb8h1f_Set8PixelOpt2_1
   \   00000016   0xE8DF 0xF000      TBB      [PC, R0]
   \                     ??u8g_pb8h1f_Set8PixelOpt2_0:
   \   0000001A   0x02 0x18          DC8      0x2,0x18,0x1A,0x1C
   \              0x1A 0x1C    
    128            {
    129              case 0: dx++; break;
   \                     ??u8g_pb8h1f_Set8PixelOpt2_2: (+1)
   \   0000001E   0x2401             MOVS     R4,#+1
    130              case 1: dy++; break;
    131              case 2: dx--; break;
    132              case 3: dy--; break;
    133            }
    134            
    135            do
    136            {
    137              if ( pixel & 128 )
   \                     ??u8g_pb8h1f_Set8PixelOpt2_1: (+1)
   \   00000020   0xEA5F 0x6008      LSLS     R0,R8,#+24
   \   00000024   0xD503             BPL.N    ??u8g_pb8h1f_Set8PixelOpt2_3
    138                u8g_pb8h1f_SetPixel(b, arg_pixel);
   \   00000026   0x4639             MOV      R1,R7
   \   00000028   0x4630             MOV      R0,R6
   \   0000002A   0x.... 0x....      BL       u8g_pb8h1f_SetPixel
    139              arg_pixel->x += dx;
   \                     ??u8g_pb8h1f_Set8PixelOpt2_3: (+1)
   \   0000002E   0x7838             LDRB     R0,[R7, #+0]
   \   00000030   0x1820             ADDS     R0,R4,R0
   \   00000032   0x7038             STRB     R0,[R7, #+0]
    140              arg_pixel->y += dy;
   \   00000034   0x7878             LDRB     R0,[R7, #+1]
   \   00000036   0x1828             ADDS     R0,R5,R0
   \   00000038   0x7078             STRB     R0,[R7, #+1]
    141              pixel <<= 1;
   \   0000003A   0xEA4F 0x0848      LSL      R8,R8,#+1
    142            } while( pixel != 0  );  
   \   0000003E   0x4640             MOV      R0,R8
   \   00000040   0xB2C0             UXTB     R0,R0
   \   00000042   0x2800             CMP      R0,#+0
   \   00000044   0xD1EC             BNE.N    ??u8g_pb8h1f_Set8PixelOpt2_1
    143          }
   \   00000046   0xE8BD 0x81F0      POP      {R4-R8,PC}       ;; return
   \                     ??u8g_pb8h1f_Set8PixelOpt2_4: (+1)
   \   0000004A   0x2501             MOVS     R5,#+1
   \   0000004C   0xE7E8             B.N      ??u8g_pb8h1f_Set8PixelOpt2_1
   \                     ??u8g_pb8h1f_Set8PixelOpt2_5: (+1)
   \   0000004E   0x24FF             MOVS     R4,#+255
   \   00000050   0xE7E6             B.N      ??u8g_pb8h1f_Set8PixelOpt2_1
   \                     ??u8g_pb8h1f_Set8PixelOpt2_6: (+1)
   \   00000052   0x25FF             MOVS     R5,#+255
   \   00000054   0xE7E4             B.N      ??u8g_pb8h1f_Set8PixelOpt2_1
    144          
    145          

   \                                 In section .text, align 2, keep-with-next
    146          uint8_t u8g_dev_pb8h1f_base_fn(u8g_t *u8g, u8g_dev_t *dev, uint8_t msg, void *arg)
    147          {
   \                     u8g_dev_pb8h1f_base_fn: (+1)
   \   00000000   0xB538             PUSH     {R3-R5,LR}
   \   00000002   0x461C             MOV      R4,R3
    148            u8g_pb_t *pb = (u8g_pb_t *)(dev->dev_mem);
   \   00000004   0x684D             LDR      R5,[R1, #+4]
    149            switch(msg)
   \   00000006   0x2A14             CMP      R2,#+20
   \   00000008   0xD01C             BEQ.N    ??u8g_dev_pb8h1f_base_fn_0
   \   0000000A   0x2A15             CMP      R2,#+21
   \   0000000C   0xD021             BEQ.N    ??u8g_dev_pb8h1f_base_fn_1
   \   0000000E   0x2A17             CMP      R2,#+23
   \   00000010   0xD02A             BEQ.N    ??u8g_dev_pb8h1f_base_fn_2
   \   00000012   0x2A32             CMP      R2,#+50
   \   00000014   0xD011             BEQ.N    ??u8g_dev_pb8h1f_base_fn_3
   \   00000016   0x2A3B             CMP      R2,#+59
   \   00000018   0xD004             BEQ.N    ??u8g_dev_pb8h1f_base_fn_4
   \   0000001A   0x2A46             CMP      R2,#+70
   \   0000001C   0xD029             BEQ.N    ??u8g_dev_pb8h1f_base_fn_5
   \   0000001E   0x2A47             CMP      R2,#+71
   \   00000020   0xD02A             BEQ.N    ??u8g_dev_pb8h1f_base_fn_6
   \   00000022   0xE02B             B.N      ??u8g_dev_pb8h1f_base_fn_7
    150            {
    151              case U8G_DEV_MSG_SET_8PIXEL:
    152                if ( u8g_pb_Is8PixelVisible(pb, (u8g_dev_arg_pixel_t *)arg) )
   \                     ??u8g_dev_pb8h1f_base_fn_4: (+1)
   \   00000024   0x4621             MOV      R1,R4
   \   00000026   0x4628             MOV      R0,R5
   \   00000028   0x.... 0x....      BL       u8g_pb_Is8PixelVisible
   \   0000002C   0x2800             CMP      R0,#+0
   \   0000002E   0xD025             BEQ.N    ??u8g_dev_pb8h1f_base_fn_7
    153                  u8g_pb8h1f_Set8PixelOpt2(pb, (u8g_dev_arg_pixel_t *)arg);
   \   00000030   0x4621             MOV      R1,R4
   \   00000032   0x4628             MOV      R0,R5
   \   00000034   0x.... 0x....      BL       u8g_pb8h1f_Set8PixelOpt2
   \   00000038   0xE020             B.N      ??u8g_dev_pb8h1f_base_fn_7
    154                break;
    155              case U8G_DEV_MSG_SET_PIXEL:
    156                u8g_pb8h1f_SetPixel(pb, (u8g_dev_arg_pixel_t *)arg);
   \                     ??u8g_dev_pb8h1f_base_fn_3: (+1)
   \   0000003A   0x4621             MOV      R1,R4
   \   0000003C   0x4628             MOV      R0,R5
   \   0000003E   0x.... 0x....      BL       u8g_pb8h1f_SetPixel
    157                break;
   \   00000042   0xE01B             B.N      ??u8g_dev_pb8h1f_base_fn_7
    158              case U8G_DEV_MSG_INIT:
    159                break;
    160              case U8G_DEV_MSG_STOP:
    161                break;
    162              case U8G_DEV_MSG_PAGE_FIRST:
    163                u8g_pb_Clear(pb);
   \                     ??u8g_dev_pb8h1f_base_fn_0: (+1)
   \   00000044   0x4628             MOV      R0,R5
   \   00000046   0x.... 0x....      BL       u8g_pb_Clear
    164                u8g_page_First(&(pb->p));
   \   0000004A   0x4628             MOV      R0,R5
   \   0000004C   0x.... 0x....      BL       u8g_page_First
    165                break;
   \   00000050   0xE014             B.N      ??u8g_dev_pb8h1f_base_fn_7
    166              case U8G_DEV_MSG_PAGE_NEXT:
    167                if ( u8g_page_Next(&(pb->p)) == 0 )
   \                     ??u8g_dev_pb8h1f_base_fn_1: (+1)
   \   00000052   0x4628             MOV      R0,R5
   \   00000054   0x.... 0x....      BL       u8g_page_Next
   \   00000058   0x2800             CMP      R0,#+0
   \   0000005A   0xD101             BNE.N    ??u8g_dev_pb8h1f_base_fn_8
    168                  return 0;
   \   0000005C   0x2000             MOVS     R0,#+0
   \   0000005E   0xBD32             POP      {R1,R4,R5,PC}
    169                u8g_pb_Clear(pb);
   \                     ??u8g_dev_pb8h1f_base_fn_8: (+1)
   \   00000060   0x4628             MOV      R0,R5
   \   00000062   0x.... 0x....      BL       u8g_pb_Clear
    170                break;
   \   00000066   0xE009             B.N      ??u8g_dev_pb8h1f_base_fn_7
    171          #ifdef U8G_DEV_MSG_IS_BBX_INTERSECTION
    172              case U8G_DEV_MSG_IS_BBX_INTERSECTION:
    173                return u8g_pb_IsIntersection(pb, (u8g_dev_arg_bbx_t *)arg);
    174          #endif
    175              case U8G_DEV_MSG_GET_PAGE_BOX:
    176                u8g_pb_GetPageBox(pb, (u8g_box_t *)arg);
   \                     ??u8g_dev_pb8h1f_base_fn_2: (+1)
   \   00000068   0x4621             MOV      R1,R4
   \   0000006A   0x4628             MOV      R0,R5
   \   0000006C   0x.... 0x....      BL       u8g_pb_GetPageBox
    177                break;
   \   00000070   0xE004             B.N      ??u8g_dev_pb8h1f_base_fn_7
    178              case U8G_DEV_MSG_GET_WIDTH:
    179                *((u8g_uint_t *)arg) = pb->width;
   \                     ??u8g_dev_pb8h1f_base_fn_5: (+1)
   \   00000072   0x7968             LDRB     R0,[R5, #+5]
   \   00000074   0x7020             STRB     R0,[R4, #+0]
    180                break;
   \   00000076   0xE001             B.N      ??u8g_dev_pb8h1f_base_fn_7
    181              case U8G_DEV_MSG_GET_HEIGHT:
    182                *((u8g_uint_t *)arg) = pb->p.total_height;
   \                     ??u8g_dev_pb8h1f_base_fn_6: (+1)
   \   00000078   0x7868             LDRB     R0,[R5, #+1]
   \   0000007A   0x7020             STRB     R0,[R4, #+0]
    183                break;
    184              case U8G_DEV_MSG_SET_COLOR_ENTRY:
    185                break;
    186              case U8G_DEV_MSG_SET_XY_CB:
    187                break;
    188              case U8G_DEV_MSG_GET_MODE:
    189                return U8G_MODE_BW;
    190            }
    191            return 1;
   \                     ??u8g_dev_pb8h1f_base_fn_7: (+1)
   \   0000007C   0x2001             MOVS     R0,#+1
   \   0000007E   0xBD32             POP      {R1,R4,R5,PC}    ;; return
    192          }
    193           
    194            

   Maximum stack usage in bytes:

   .cstack Function
   ------- --------
      16   u8g_dev_pb8h1f_base_fn
        16   -> u8g_page_First
        16   -> u8g_page_Next
        16   -> u8g_pb8h1f_Set8PixelOpt2
        16   -> u8g_pb8h1f_SetPixel
        16   -> u8g_pb_Clear
        16   -> u8g_pb_GetPageBox
        16   -> u8g_pb_Is8PixelVisible
       0   u8g_pb8h1f_Init
         0   -> u8g_pb_Clear
      24   u8g_pb8h1f_Set8PixelOpt2
        24   -> u8g_pb8h1f_SetPixel
      16   u8g_pb8h1f_Set8PixelStd
        16   -> u8g_pb8h1f_SetPixel
       8   u8g_pb8h1f_SetPixel
         0   -> u8g_pb8h1f_set_pixel
      12   u8g_pb8h1f_set_pixel


   Section sizes:

   Bytes  Function/Label
   -----  --------------
     128  u8g_dev_pb8h1f_base_fn
       8  u8g_pb8h1f_Init
      86  u8g_pb8h1f_Set8PixelOpt2
      76  u8g_pb8h1f_Set8PixelStd
      38  u8g_pb8h1f_SetPixel
      58  u8g_pb8h1f_set_pixel

 
 394 bytes in section .text
 
 394 bytes of CODE memory

Errors: none
Warnings: none
