###############################################################################
#
# IAR ANSI C/C++ Compiler V8.22.1.15669/W32 for ARM       28/Dec/2020  21:37:06
# Copyright 1999-2018 IAR Systems AB.
#
#    Cpu mode     =  thumb
#    Endian       =  little
#    Source file  =  
#        F:\nano\Middlewares\Third_Party\u8glib_arm_v1.17\src\u8g_com_null.c
#    Command line =  
#        -f C:\Users\ADMINI~1\AppData\Local\Temp\EW4123.tmp
#        (F:\nano\Middlewares\Third_Party\u8glib_arm_v1.17\src\u8g_com_null.c
#        -D USE_HAL_DRIVER -D STM32F103xE -D MKS_ROBIN -D MARLIN -D __arm__ -D
#        USE_MKS_WIFI --preprocess=s F:\nano\EWARM\mksRobinLite\List -lC
#        F:\nano\EWARM\mksRobinLite\List -lA F:\nano\EWARM\mksRobinLite\List
#        --diag_suppress Pa050 -o F:\nano\EWARM\mksRobinLite\Obj --no_unroll
#        --no_inline --no_tbaa --no_scheduling --debug --endian=little
#        --cpu=Cortex-M3 -e --char_is_signed --fpu=None --dlib_config
#        "C:\Program Files (x86)\IAR Systems\Embedded Workbench
#        8.0\arm\INC\c\DLib_Config_Full.h" -I F:\nano\EWARM/../Inc\ -I
#        F:\nano\EWARM/../Src\ -I
#        F:\nano\EWARM/../Drivers/STM32F1xx_HAL_Driver/Inc\ -I
#        F:\nano\EWARM/../Drivers/STM32F1xx_HAL_Driver/Inc/Legacy\ -I
#        F:\nano\EWARM/../Drivers/STM32F10x_StdPeriph_Driver/Inc\ -I
#        F:\nano\EWARM/../Drivers/CMSIS/Device/ST/STM32F1xx/Include\ -I
#        F:\nano\EWARM/../Drivers/CMSIS/Include\ -I
#        F:\nano\EWARM/../Drivers/BSP/STM32MKS-3dPrinter\ -I
#        F:\nano\EWARM/../Drivers/BSP/Components/Common\ -I
#        F:\nano\EWARM/../Drivers/BSP/Components/l6474\ -I
#        F:\nano\EWARM/../Drivers/BSP/Components/at24cxx\ -I
#        F:\nano\EWARM/../Drivers/BSP/Components/w25qxx\ -I
#        F:\nano\EWARM/../Drivers/BSP/MotorControl\ -I
#        F:\nano\EWARM/../Middlewares/Third_Party/FatFs/src\ -I
#        F:\nano\EWARM/../Middlewares/Third_Party/FatFs/src/drivers\ -I
#        F:\nano\EWARM/../Middlewares/Third_Party/Marlin\ -I
#        F:\nano\EWARM/../Middlewares/Third_Party/u8glib_arm_v1.17/src\ -I
#        F:\nano\EWARM/../Middlewares/arduino\ -I
#        F:\nano\EWARM/../Middlewares/arduino/avr\ -I
#        F:\nano\EWARM/../Inc/Logo\ -Om --use_c++_inline -I "C:\Program Files
#        (x86)\IAR Systems\Embedded Workbench 8.0\arm\CMSIS\Core\Include\" -I
#        "C:\Program Files (x86)\IAR Systems\Embedded Workbench
#        8.0\arm\CMSIS\DSP\Include\")
#    Locale       =  C
#    List file    =  F:\nano\EWARM\mksRobinLite\List\u8g_com_null.lst
#    Object file  =  F:\nano\EWARM\mksRobinLite\Obj\u8g_com_null.o
#
###############################################################################

F:\nano\Middlewares\Third_Party\u8glib_arm_v1.17\src\u8g_com_null.c
      1          /*
      2          
      3            u8g_com_null.c
      4           
      5            communication null device
      6          
      7            Universal 8bit Graphics Library
      8           
      9            Copyright (c) 2011, olikraus@gmail.com
     10            All rights reserved.
     11          
     12            Redistribution and use in source and binary forms, with or without modification,
     13            are permitted provided that the following conditions are met:
     14          
     15            * Redistributions of source code must retain the above copyright notice, this list
     16              of conditions and the following disclaimer.
     17             
     18            * Redistributions in binary form must reproduce the above copyright notice, this
     19              list of conditions and the following disclaimer in the documentation and/or other
     20              materials provided with the distribution.
     21          
     22            THIS SOFTWARE IS PROVIDED BY THE COPYRIGHT HOLDERS AND
     23            CONTRIBUTORS "AS IS" AND ANY EXPRESS OR IMPLIED WARRANTIES,
     24            INCLUDING, BUT NOT LIMITED TO, THE IMPLIED WARRANTIES OF
     25            MERCHANTABILITY AND FITNESS FOR A PARTICULAR PURPOSE ARE
     26            DISCLAIMED. IN NO EVENT SHALL THE COPYRIGHT HOLDER OR
     27            CONTRIBUTORS BE LIABLE FOR ANY DIRECT, INDIRECT, INCIDENTAL,
     28            SPECIAL, EXEMPLARY, OR CONSEQUENTIAL DAMAGES (INCLUDING, BUT
     29            NOT LIMITED TO, PROCUREMENT OF SUBSTITUTE GOODS OR SERVICES;
     30            LOSS OF USE, DATA, OR PROFITS; OR BUSINESS INTERRUPTION) HOWEVER
     31            CAUSED AND ON ANY THEORY OF LIABILITY, WHETHER IN CONTRACT,
     32            STRICT LIABILITY, OR TORT (INCLUDING NEGLIGENCE OR OTHERWISE)
     33            ARISING IN ANY WAY OUT OF THE USE OF THIS SOFTWARE, EVEN IF
     34            ADVISED OF THE POSSIBILITY OF SUCH DAMAGE.  
     35           
     36           
     37          */
     38          
     39          #include "u8g.h"
     40          

   \                                 In section .text, align 2, keep-with-next
     41          uint8_t u8g_com_null_fn(u8g_t *u8g, uint8_t msg, uint8_t arg_val, void *arg_ptr)
     42          {
     43            switch(msg)
     44            {
     45              case U8G_COM_MSG_INIT:
     46                break;
     47              case U8G_COM_MSG_STOP:
     48                break;
     49          
     50             
     51              case U8G_COM_MSG_CHIP_SELECT:
     52                /* arg_val contains the chip number, which should be enabled */
     53                break;
     54          
     55          
     56              case U8G_COM_MSG_WRITE_BYTE:
     57                break;
     58              case U8G_COM_MSG_WRITE_SEQ:
     59                break;
     60            }
     61            return 1;
   \                     u8g_com_null_fn: (+1)
   \   00000000   0x2001             MOVS     R0,#+1
   \   00000002   0x4770             BX       LR               ;; return
     62          }
     63          

   Maximum stack usage in bytes:

   .cstack Function
   ------- --------
       0   u8g_com_null_fn


   Section sizes:

   Bytes  Function/Label
   -----  --------------
       4  u8g_com_null_fn

 
 4 bytes in section .text
 
 4 bytes of CODE memory

Errors: none
Warnings: none
